This is pdfTeX, Version 3.14159265-2.6-1.40.17 (TeX Live 2016) (preloaded format=pdflatex 2016.5.22)  5 OCT 2018 22:01
entering extended mode
 restricted \write18 enabled.
 %&-line parsing enabled.
**ppl.tex
(./ppl.tex
LaTeX2e <2016/03/31>
Babel <3.9r> and hyphenation patterns for 83 language(s) loaded.
(/usr/local/texlive/2016/texmf-dist/tex/latex/base/article.cls
Document Class: article 2014/09/29 v1.4h Standard LaTeX document class
(/usr/local/texlive/2016/texmf-dist/tex/latex/base/size12.clo
File: size12.clo 2014/09/29 v1.4h Standard LaTeX file (size option)
)
\c@part=\count79
\c@section=\count80
\c@subsection=\count81
\c@subsubsection=\count82
\c@paragraph=\count83
\c@subparagraph=\count84
\c@figure=\count85
\c@table=\count86
\abovecaptionskip=\skip41
\belowcaptionskip=\skip42
\bibindent=\dimen102
)
(/usr/local/texlive/2016/texmf-dist/tex/latex/geometry/geometry.sty
Package: geometry 2010/09/12 v5.6 Page Geometry

(/usr/local/texlive/2016/texmf-dist/tex/latex/graphics/keyval.sty
Package: keyval 2014/10/28 v1.15 key=value parser (DPC)
\KV@toks@=\toks14
)
(/usr/local/texlive/2016/texmf-dist/tex/generic/oberdiek/ifpdf.sty
Package: ifpdf 2016/05/14 v3.1 Provides the ifpdf switch
)
(/usr/local/texlive/2016/texmf-dist/tex/generic/oberdiek/ifvtex.sty
Package: ifvtex 2016/05/16 v1.6 Detect VTeX and its facilities (HO)
Package ifvtex Info: VTeX not detected.
)
(/usr/local/texlive/2016/texmf-dist/tex/generic/ifxetex/ifxetex.sty
Package: ifxetex 2010/09/12 v0.6 Provides ifxetex conditional
)
\Gm@cnth=\count87
\Gm@cntv=\count88
\c@Gm@tempcnt=\count89
\Gm@bindingoffset=\dimen103
\Gm@wd@mp=\dimen104
\Gm@odd@mp=\dimen105
\Gm@even@mp=\dimen106
\Gm@layoutwidth=\dimen107
\Gm@layoutheight=\dimen108
\Gm@layouthoffset=\dimen109
\Gm@layoutvoffset=\dimen110
\Gm@dimlist=\toks15
)
(/usr/local/texlive/2016/texmf-dist/tex/latex/amsmath/amsmath.sty
Package: amsmath 2016/03/10 v2.15b AMS math features
\@mathmargin=\skip43

For additional information on amsmath, use the `?' option.
(/usr/local/texlive/2016/texmf-dist/tex/latex/amsmath/amstext.sty
Package: amstext 2000/06/29 v2.01 AMS text

(/usr/local/texlive/2016/texmf-dist/tex/latex/amsmath/amsgen.sty
File: amsgen.sty 1999/11/30 v2.0 generic functions
\@emptytoks=\toks16
\ex@=\dimen111
))
(/usr/local/texlive/2016/texmf-dist/tex/latex/amsmath/amsbsy.sty
Package: amsbsy 1999/11/29 v1.2d Bold Symbols
\pmbraise@=\dimen112
)
(/usr/local/texlive/2016/texmf-dist/tex/latex/amsmath/amsopn.sty
Package: amsopn 2016/03/08 v2.02 operator names
)
\inf@bad=\count90
LaTeX Info: Redefining \frac on input line 199.
\uproot@=\count91
\leftroot@=\count92
LaTeX Info: Redefining \overline on input line 297.
\classnum@=\count93
\DOTSCASE@=\count94
LaTeX Info: Redefining \ldots on input line 394.
LaTeX Info: Redefining \dots on input line 397.
LaTeX Info: Redefining \cdots on input line 518.
\Mathstrutbox@=\box26
\strutbox@=\box27
\big@size=\dimen113
LaTeX Font Info:    Redeclaring font encoding OML on input line 634.
LaTeX Font Info:    Redeclaring font encoding OMS on input line 635.
\macc@depth=\count95
\c@MaxMatrixCols=\count96
\dotsspace@=\muskip10
\c@parentequation=\count97
\dspbrk@lvl=\count98
\tag@help=\toks17
\row@=\count99
\column@=\count100
\maxfields@=\count101
\andhelp@=\toks18
\eqnshift@=\dimen114
\alignsep@=\dimen115
\tagshift@=\dimen116
\tagwidth@=\dimen117
\totwidth@=\dimen118
\lineht@=\dimen119
\@envbody=\toks19
\multlinegap=\skip44
\multlinetaggap=\skip45
\mathdisplay@stack=\toks20
LaTeX Info: Redefining \[ on input line 2739.
LaTeX Info: Redefining \] on input line 2740.
)
(/usr/local/texlive/2016/texmf-dist/tex/latex/graphics/graphicx.sty
Package: graphicx 2014/10/28 v1.0g Enhanced LaTeX Graphics (DPC,SPQR)

(/usr/local/texlive/2016/texmf-dist/tex/latex/graphics/graphics.sty
Package: graphics 2016/05/09 v1.0r Standard LaTeX Graphics (DPC,SPQR)

(/usr/local/texlive/2016/texmf-dist/tex/latex/graphics/trig.sty
Package: trig 2016/01/03 v1.10 sin cos tan (DPC)
)
(/usr/local/texlive/2016/texmf-dist/tex/latex/graphics-cfg/graphics.cfg
File: graphics.cfg 2016/01/02 v1.10 sample graphics configuration
)
Package graphics Info: Driver file: pdftex.def on input line 96.

(/usr/local/texlive/2016/texmf-dist/tex/latex/pdftex-def/pdftex.def
File: pdftex.def 2011/05/27 v0.06d Graphics/color for pdfTeX

(/usr/local/texlive/2016/texmf-dist/tex/generic/oberdiek/infwarerr.sty
Package: infwarerr 2016/05/16 v1.4 Providing info/warning/error messages (HO)
)
(/usr/local/texlive/2016/texmf-dist/tex/generic/oberdiek/ltxcmds.sty
Package: ltxcmds 2016/05/16 v1.23 LaTeX kernel commands for general use (HO)
)
\Gread@gobject=\count102
))
\Gin@req@height=\dimen120
\Gin@req@width=\dimen121
)
(/usr/local/texlive/2016/texmf-dist/tex/latex/wrapfig/wrapfig.sty
\wrapoverhang=\dimen122
\WF@size=\dimen123
\c@WF@wrappedlines=\count103
\WF@box=\box28
\WF@everypar=\toks21
Package: wrapfig 2003/01/31  v 3.6
)
(/usr/local/texlive/2016/texmf-dist/tex/latex/oberdiek/grffile.sty
Package: grffile 2016/05/16 v1.17 Extended file name support for graphics (HO)

(/usr/local/texlive/2016/texmf-dist/tex/latex/oberdiek/kvoptions.sty
Package: kvoptions 2016/05/16 v3.12 Key value format for package options (HO)

(/usr/local/texlive/2016/texmf-dist/tex/generic/oberdiek/kvsetkeys.sty
Package: kvsetkeys 2016/05/16 v1.17 Key value parser (HO)

(/usr/local/texlive/2016/texmf-dist/tex/generic/oberdiek/etexcmds.sty
Package: etexcmds 2016/05/16 v1.6 Avoid name clashes with e-TeX commands (HO)

(/usr/local/texlive/2016/texmf-dist/tex/generic/oberdiek/ifluatex.sty
Package: ifluatex 2016/05/16 v1.4 Provides the ifluatex switch (HO)
Package ifluatex Info: LuaTeX not detected.
)
Package etexcmds Info: Could not find \expanded.
(etexcmds)             That can mean that you are not using pdfTeX 1.50 or
(etexcmds)             that some package has redefined \expanded.
(etexcmds)             In the latter case, load this package earlier.
)))
(/usr/local/texlive/2016/texmf-dist/tex/generic/oberdiek/pdftexcmds.sty
Package: pdftexcmds 2016/05/10 v0.21 Utility functions of pdfTeX for LuaTeX (HO
)
Package pdftexcmds Info: LuaTeX not detected.
Package pdftexcmds Info: \pdf@primitive is available.
Package pdftexcmds Info: \pdf@ifprimitive is available.
Package pdftexcmds Info: \pdfdraftmode found.
)
Package grffile Info: Option `multidot' is set to `true'.
Package grffile Info: Option `extendedchars' is set to `false'.
Package grffile Info: Option `space' is set to `true'.
Package grffile Info: \Gin@ii of package `graphicx' fixed on input line 486.
)
(/usr/local/texlive/2016/texmf-dist/tex/latex/tools/multicol.sty
Package: multicol 2016/04/07 v1.8p multicolumn formatting (FMi)
\c@tracingmulticols=\count104
\mult@box=\box29
\multicol@leftmargin=\dimen124
\c@unbalance=\count105
\c@collectmore=\count106
\doublecol@number=\count107
\multicoltolerance=\count108
\multicolpretolerance=\count109
\full@width=\dimen125
\page@free=\dimen126
\premulticols=\dimen127
\postmulticols=\dimen128
\multicolsep=\skip46
\multicolbaselineskip=\skip47
\partial@page=\box30
\last@line=\box31
\maxbalancingoverflow=\dimen129
\mult@rightbox=\box32
\mult@grightbox=\box33
\mult@gfirstbox=\box34
\mult@firstbox=\box35
\@tempa=\box36
\@tempa=\box37
\@tempa=\box38
\@tempa=\box39
\@tempa=\box40
\@tempa=\box41
\@tempa=\box42
\@tempa=\box43
\@tempa=\box44
\@tempa=\box45
\@tempa=\box46
\@tempa=\box47
\@tempa=\box48
\@tempa=\box49
\@tempa=\box50
\@tempa=\box51
\@tempa=\box52
\c@columnbadness=\count110
\c@finalcolumnbadness=\count111
\last@try=\dimen130
\multicolovershoot=\dimen131
\multicolundershoot=\dimen132
\mult@nat@firstbox=\box53
\colbreak@box=\box54
\mc@col@check@num=\count112
)
(/usr/local/texlive/2016/texmf-dist/tex/latex/pdfpages/pdfpages.sty
Package: pdfpages 2016/04/19 v0.5f Insert pages of external PDF documents (AM)

(/usr/local/texlive/2016/texmf-dist/tex/latex/base/ifthen.sty
Package: ifthen 2014/09/29 v1.1c Standard LaTeX ifthen package (DPC)
)
(/usr/local/texlive/2016/texmf-dist/tex/latex/tools/calc.sty
Package: calc 2014/10/28 v4.3 Infix arithmetic (KKT,FJ)
\calc@Acount=\count113
\calc@Bcount=\count114
\calc@Adimen=\dimen133
\calc@Bdimen=\dimen134
\calc@Askip=\skip48
\calc@Bskip=\skip49
LaTeX Info: Redefining \setlength on input line 80.
LaTeX Info: Redefining \addtolength on input line 81.
\calc@Ccount=\count115
\calc@Cskip=\skip50
)
(/usr/local/texlive/2016/texmf-dist/tex/latex/eso-pic/eso-pic.sty
Package: eso-pic 2015/07/21 v2.0g eso-pic (RN)

(/usr/local/texlive/2016/texmf-dist/tex/generic/oberdiek/atbegshi.sty
Package: atbegshi 2016/05/16 v1.17 At begin shipout hook (HO)
)
(/usr/local/texlive/2016/texmf-dist/tex/latex/xcolor/xcolor.sty
Package: xcolor 2016/05/11 v2.12 LaTeX color extensions (UK)

(/usr/local/texlive/2016/texmf-dist/tex/latex/graphics-cfg/color.cfg
File: color.cfg 2016/01/02 v1.6 sample color configuration
)
Package xcolor Info: Driver file: pdftex.def on input line 225.
Package xcolor Info: Model `cmy' substituted by `cmy0' on input line 1348.
Package xcolor Info: Model `hsb' substituted by `rgb' on input line 1352.
Package xcolor Info: Model `RGB' extended on input line 1364.
Package xcolor Info: Model `HTML' substituted by `rgb' on input line 1366.
Package xcolor Info: Model `Hsb' substituted by `hsb' on input line 1367.
Package xcolor Info: Model `tHsb' substituted by `hsb' on input line 1368.
Package xcolor Info: Model `HSB' substituted by `hsb' on input line 1369.
Package xcolor Info: Model `Gray' substituted by `gray' on input line 1370.
Package xcolor Info: Model `wave' substituted by `hsb' on input line 1371.
))
\AM@pagewidth=\dimen135
\AM@pageheight=\dimen136

(/usr/local/texlive/2016/texmf-dist/tex/latex/pdfpages/pppdftex.def
File: pppdftex.def 2016/04/19 v0.5f Pdfpages driver for pdfTeX (AM)
)
\AM@pagebox=\box55
\AM@global@opts=\toks22
\AM@toc@title=\toks23
\c@AM@survey=\count116
\AM@templatesizebox=\box56
)
(/usr/local/texlive/2016/texmf-dist/tex/latex/subfig/subfig.sty
Package: subfig 2005/06/28 ver: 1.3 subfig package

(/usr/local/texlive/2016/texmf-dist/tex/latex/caption/caption.sty
Package: caption 2016/02/21 v3.3-144 Customizing captions (AR)

(/usr/local/texlive/2016/texmf-dist/tex/latex/caption/caption3.sty
Package: caption3 2016/02/04 v1.7-139 caption3 kernel (AR)
Package caption3 Info: TeX engine: e-TeX on input line 67.
\captionmargin=\dimen137
\captionmargin@=\dimen138
\captionwidth=\dimen139
\caption@tempdima=\dimen140
\caption@indent=\dimen141
\caption@parindent=\dimen142
\caption@hangindent=\dimen143
)
\c@ContinuedFloat=\count117
Package caption Info: wrapfig package is loaded.
)
\c@KVtest=\count118
\sf@farskip=\skip51
\sf@captopadj=\dimen144
\sf@capskip=\skip52
\sf@nearskip=\skip53
\c@subfigure=\count119
\c@subfigure@save=\count120
\c@lofdepth=\count121
\c@subtable=\count122
\c@subtable@save=\count123
\c@lotdepth=\count124
\sf@top=\skip54
\sf@bottom=\skip55
)
(/usr/local/texlive/2016/texmf-dist/tex/latex/float/float.sty
Package: float 2001/11/08 v1.3d Float enhancements (AL)
\c@float@type=\count125
\float@exts=\toks24
\float@box=\box57
\@float@everytoks=\toks25
\@floatcapt=\box58
)
(/usr/local/texlive/2016/texmf-dist/tex/latex/enumitem/enumitem.sty
Package: enumitem 2011/09/28 v3.5.2 Customized lists
\labelindent=\skip56
\enit@outerparindent=\dimen145
\enit@toks=\toks26
\enit@inbox=\box59
\enitdp@description=\count126
)
(/usr/local/texlive/2016/texmf-dist/tex/latex/booktabs/booktabs.sty
Package: booktabs 2016/04/27 v1.618033 publication quality tables
\heavyrulewidth=\dimen146
\lightrulewidth=\dimen147
\cmidrulewidth=\dimen148
\belowrulesep=\dimen149
\belowbottomsep=\dimen150
\aboverulesep=\dimen151
\abovetopsep=\dimen152
\cmidrulesep=\dimen153
\cmidrulekern=\dimen154
\defaultaddspace=\dimen155
\@cmidla=\count127
\@cmidlb=\count128
\@aboverulesep=\dimen156
\@belowrulesep=\dimen157
\@thisruleclass=\count129
\@lastruleclass=\count130
\@thisrulewidth=\dimen158
)
(/usr/local/texlive/2016/texmf-dist/tex/latex/tools/tabularx.sty
Package: tabularx 2016/02/03 v2.11 `tabularx' package (DPC)

(/usr/local/texlive/2016/texmf-dist/tex/latex/tools/array.sty
Package: array 2014/10/28 v2.4c Tabular extension package (FMi)
\col@sep=\dimen159
\extrarowheight=\dimen160
\NC@list=\toks27
\extratabsurround=\skip57
\backup@length=\skip58
)
\TX@col@width=\dimen161
\TX@old@table=\dimen162
\TX@old@col=\dimen163
\TX@target=\dimen164
\TX@delta=\dimen165
\TX@cols=\count131
\TX@ftn=\toks28
)
(/usr/local/texlive/2016/texmf-dist/tex/latex/hyperref/hyperref.sty
Package: hyperref 2016/05/05 v6.83n Hypertext links for LaTeX

(/usr/local/texlive/2016/texmf-dist/tex/generic/oberdiek/hobsub-hyperref.sty
Package: hobsub-hyperref 2016/05/16 v1.14 Bundle oberdiek, subset hyperref (HO)


(/usr/local/texlive/2016/texmf-dist/tex/generic/oberdiek/hobsub-generic.sty
Package: hobsub-generic 2016/05/16 v1.14 Bundle oberdiek, subset generic (HO)
Package: hobsub 2016/05/16 v1.14 Construct package bundles (HO)
Package hobsub Info: Skipping package `infwarerr' (already loaded).
Package hobsub Info: Skipping package `ltxcmds' (already loaded).
Package hobsub Info: Skipping package `ifluatex' (already loaded).
Package hobsub Info: Skipping package `ifvtex' (already loaded).
Package: intcalc 2016/05/16 v1.2 Expandable calculations with integers (HO)
Package hobsub Info: Skipping package `ifpdf' (already loaded).
Package hobsub Info: Skipping package `etexcmds' (already loaded).
Package hobsub Info: Skipping package `kvsetkeys' (already loaded).
Package: kvdefinekeys 2016/05/16 v1.4 Define keys (HO)
Package hobsub Info: Skipping package `pdftexcmds' (already loaded).
Package: pdfescape 2016/05/16 v1.14 Implements pdfTeX's escape features (HO)
Package: bigintcalc 2016/05/16 v1.4 Expandable calculations on big integers (HO
)
Package: bitset 2016/05/16 v1.2 Handle bit-vector datatype (HO)
Package: uniquecounter 2016/05/16 v1.3 Provide unlimited unique counter (HO)
)
Package hobsub Info: Skipping package `hobsub' (already loaded).
Package: letltxmacro 2016/05/16 v1.5 Let assignment for LaTeX macros (HO)
Package: hopatch 2016/05/16 v1.3 Wrapper for package hooks (HO)
Package: xcolor-patch 2016/05/16 xcolor patch
Package: atveryend 2016/05/16 v1.9 Hooks at the very end of document (HO)
Package atveryend Info: \enddocument detected (standard20110627).
Package hobsub Info: Skipping package `atbegshi' (already loaded).
Package: refcount 2016/05/16 v3.5 Data extraction from label references (HO)
Package: hycolor 2016/05/16 v1.8 Color options for hyperref/bookmark (HO)
)
(/usr/local/texlive/2016/texmf-dist/tex/latex/oberdiek/auxhook.sty
Package: auxhook 2016/05/16 v1.4 Hooks for auxiliary files (HO)
)
\@linkdim=\dimen166
\Hy@linkcounter=\count132
\Hy@pagecounter=\count133

(/usr/local/texlive/2016/texmf-dist/tex/latex/hyperref/pd1enc.def
File: pd1enc.def 2016/05/05 v6.83n Hyperref: PDFDocEncoding definition (HO)
)
\Hy@SavedSpaceFactor=\count134

(/usr/local/texlive/2016/texmf-dist/tex/latex/latexconfig/hyperref.cfg
File: hyperref.cfg 2002/06/06 v1.2 hyperref configuration of TeXLive
)
Package hyperref Info: Hyper figures OFF on input line 4446.
Package hyperref Info: Link nesting OFF on input line 4451.
Package hyperref Info: Hyper index ON on input line 4454.
Package hyperref Info: Plain pages OFF on input line 4461.
Package hyperref Info: Backreferencing OFF on input line 4466.
Package hyperref Info: Implicit mode ON; LaTeX internals redefined.
Package hyperref Info: Bookmarks ON on input line 4691.
\c@Hy@tempcnt=\count135

(/usr/local/texlive/2016/texmf-dist/tex/latex/url/url.sty
\Urlmuskip=\muskip11
Package: url 2013/09/16  ver 3.4  Verb mode for urls, etc.
)
LaTeX Info: Redefining \url on input line 5044.
\XeTeXLinkMargin=\dimen167
\Fld@menulength=\count136
\Field@Width=\dimen168
\Fld@charsize=\dimen169
Package hyperref Info: Hyper figures OFF on input line 6298.
Package hyperref Info: Link nesting OFF on input line 6303.
Package hyperref Info: Hyper index ON on input line 6306.
Package hyperref Info: backreferencing OFF on input line 6313.
Package hyperref Info: Link coloring OFF on input line 6318.
Package hyperref Info: Link coloring with OCG OFF on input line 6323.
Package hyperref Info: PDF/A mode OFF on input line 6328.
LaTeX Info: Redefining \ref on input line 6368.
LaTeX Info: Redefining \pageref on input line 6372.
\Hy@abspage=\count137
\c@Item=\count138
\c@Hfootnote=\count139
)

Package hyperref Message: Driver (autodetected): hpdftex.

(/usr/local/texlive/2016/texmf-dist/tex/latex/hyperref/hpdftex.def
File: hpdftex.def 2016/05/05 v6.83n Hyperref driver for pdfTeX
\Fld@listcount=\count140
\c@bookmark@seq@number=\count141

(/usr/local/texlive/2016/texmf-dist/tex/latex/oberdiek/rerunfilecheck.sty
Package: rerunfilecheck 2016/05/16 v1.8 Rerun checks for auxiliary files (HO)
Package uniquecounter Info: New unique counter `rerunfilecheck' on input line 2
82.
)
\Hy@SectionHShift=\skip59
)
Package hyperref Info: Option `colorlinks' set `true' on input line 30.

(./ppl.aux)
\openout1 = `ppl.aux'.

LaTeX Font Info:    Checking defaults for OML/cmm/m/it on input line 31.
LaTeX Font Info:    ... okay on input line 31.
LaTeX Font Info:    Checking defaults for T1/cmr/m/n on input line 31.
LaTeX Font Info:    ... okay on input line 31.
LaTeX Font Info:    Checking defaults for OT1/cmr/m/n on input line 31.
LaTeX Font Info:    ... okay on input line 31.
LaTeX Font Info:    Checking defaults for OMS/cmsy/m/n on input line 31.
LaTeX Font Info:    ... okay on input line 31.
LaTeX Font Info:    Checking defaults for OMX/cmex/m/n on input line 31.
LaTeX Font Info:    ... okay on input line 31.
LaTeX Font Info:    Checking defaults for U/cmr/m/n on input line 31.
LaTeX Font Info:    ... okay on input line 31.
LaTeX Font Info:    Checking defaults for PD1/pdf/m/n on input line 31.
LaTeX Font Info:    ... okay on input line 31.

*geometry* driver: auto-detecting
*geometry* detected driver: pdftex
*geometry* verbose mode - [ preamble ] result:
* driver: pdftex
* paper: <default>
* layout: <same size as paper>
* layoutoffset:(h,v)=(0.0pt,0.0pt)
* modes: 
* h-part:(L,W,R)=(72.26999pt, 469.75502pt, 72.26999pt)
* v-part:(T,H,B)=(72.26999pt, 650.43001pt, 72.26999pt)
* \paperwidth=614.295pt
* \paperheight=794.96999pt
* \textwidth=469.75502pt
* \textheight=650.43001pt
* \oddsidemargin=0.0pt
* \evensidemargin=0.0pt
* \topmargin=-37.0pt
* \headheight=12.0pt
* \headsep=25.0pt
* \topskip=12.0pt
* \footskip=30.0pt
* \marginparwidth=44.0pt
* \marginparsep=10.0pt
* \columnsep=10.0pt
* \skip\footins=10.8pt plus 4.0pt minus 2.0pt
* \hoffset=0.0pt
* \voffset=0.0pt
* \mag=1000
* \@twocolumnfalse
* \@twosidefalse
* \@mparswitchfalse
* \@reversemarginfalse
* (1in=72.27pt=25.4mm, 1cm=28.453pt)

(/usr/local/texlive/2016/texmf-dist/tex/context/base/mkii/supp-pdf.mkii
[Loading MPS to PDF converter (version 2006.09.02).]
\scratchcounter=\count142
\scratchdimen=\dimen170
\scratchbox=\box60
\nofMPsegments=\count143
\nofMParguments=\count144
\everyMPshowfont=\toks29
\MPscratchCnt=\count145
\MPscratchDim=\dimen171
\MPnumerator=\count146
\makeMPintoPDFobject=\count147
\everyMPtoPDFconversion=\toks30
) (/usr/local/texlive/2016/texmf-dist/tex/latex/oberdiek/epstopdf-base.sty
Package: epstopdf-base 2016/05/15 v2.6 Base part for package epstopdf

(/usr/local/texlive/2016/texmf-dist/tex/latex/oberdiek/grfext.sty
Package: grfext 2016/05/16 v1.2 Manage graphics extensions (HO)
)
Package grfext Info: Graphics extension search list:
(grfext)             [.png,.pdf,.jpg,.mps,.jpeg,.jbig2,.jb2,.PNG,.PDF,.JPG,.JPE
G,.JBIG2,.JB2,.eps]
(grfext)             \AppendGraphicsExtensions on input line 456.

(/usr/local/texlive/2016/texmf-dist/tex/latex/latexconfig/epstopdf-sys.cfg
File: epstopdf-sys.cfg 2010/07/13 v1.3 Configuration of (r)epstopdf for TeX Liv
e
))
\AtBeginShipoutBox=\box61

(/usr/local/texlive/2016/texmf-dist/tex/latex/oberdiek/pdflscape.sty
Package: pdflscape 2016/05/14 v0.11 Display of landscape pages in PDF (HO)

(/usr/local/texlive/2016/texmf-dist/tex/latex/graphics/lscape.sty
Package: lscape 2000/10/22 v3.01 Landscape Pages (DPC)
)
Package pdflscape Info: Auto-detected driver: pdftex on input line 81.
)
Package caption Info: Begin \AtBeginDocument code.
Package caption Info: subfig package v1.3 is loaded.
Package caption Info: float package is loaded.
Package caption Info: hyperref package is loaded.
Package caption Info: End \AtBeginDocument code.
Package hyperref Info: Link coloring ON on input line 31.

(/usr/local/texlive/2016/texmf-dist/tex/latex/hyperref/nameref.sty
Package: nameref 2012/10/27 v2.43 Cross-referencing by name of section

(/usr/local/texlive/2016/texmf-dist/tex/generic/oberdiek/gettitlestring.sty
Package: gettitlestring 2016/05/16 v1.5 Cleanup title references (HO)
)
\c@section@level=\count148
)
LaTeX Info: Redefining \ref on input line 31.
LaTeX Info: Redefining \pageref on input line 31.
LaTeX Info: Redefining \nameref on input line 31.

(./ppl.out) (./ppl.out)
\@outlinefile=\write3
\openout3 = `ppl.out'.



LaTeX Warning: No \author given.

(./ppl.toc [1

{/usr/local/texlive/2016/texmf-var/fonts/map/pdftex/updmap/pdftex.map}] [2] [3]
 [4])
\tf@toc=\write4
\openout4 = `ppl.toc'.

 [5]
Underfull \hbox (badness 10000) in paragraph at lines 38--39

 []


Underfull \hbox (badness 10000) in paragraph at lines 42--43

 []


Underfull \hbox (badness 10000) in paragraph at lines 44--45

 []


Underfull \hbox (badness 10000) in paragraph at lines 46--47

 []

[6]
Missing character: There is no ‚ in font cmr12!
Missing character: There is no Ä in font cmr12!
Missing character: There is no ô in font cmr12!

Underfull \hbox (badness 10000) in paragraph at lines 69--70

 []


Underfull \hbox (badness 10000) in paragraph at lines 71--72

 []

[7]
Underfull \hbox (badness 10000) in paragraph at lines 73--74

 []

LaTeX Font Info:    Try loading font information for OMS+cmr on input line 79.
(/usr/local/texlive/2016/texmf-dist/tex/latex/base/omscmr.fd
File: omscmr.fd 2014/09/29 v2.5h Standard LaTeX font definitions
)
LaTeX Font Info:    Font shape `OMS/cmr/m/n' in size <12> not available
(Font)              Font shape `OMS/cmsy/m/n' tried instead on input line 79.
Missing character: There is no ‚ in font cmr12!
Missing character: There is no Ä in font cmr12!
Missing character: There is no ô in font cmr12!
Missing character: There is no ‚ in font cmr12!
Missing character: There is no Ä in font cmr12!
Missing character: There is no ú in font cmr12!
Missing character: There is no ‚ in font cmr12!
Missing character: There is no Ä in font cmr12!
Missing character: There is no ù in font cmr12!
 [8]
Missing character: There is no ‚ in font cmr12!
Missing character: There is no Ä in font cmr12!
Missing character: There is no ô in font cmr12!
Missing character: There is no ‚ in font cmr12!
Missing character: There is no Ä in font cmr12!
Missing character: There is no ô in font cmr12!
Missing character: There is no ‚ in font cmr12!
Missing character: There is no Å in font cmr12!
Missing character: There is no Ñ in font cmr12!
Missing character: There is no ‚ in font cmr12!
Missing character: There is no Å in font cmr12!
Missing character: There is no Ñ in font cmr12!
Missing character: There is no ‚ in font cmr12!
Missing character: There is no Ä in font cmr12!
Missing character: There is no î in font cmr12!
 [9]
Missing character: There is no ‚ in font cmr12!
Missing character: There is no Ä in font cmr12!
Missing character: There is no ô in font cmr12!
Missing character: There is no ‚ in font cmr12!
Missing character: There is no Ä in font cmr12!
Missing character: There is no î in font cmr12!
Missing character: There is no ‚ in font cmr12!
Missing character: There is no Ä in font cmr12!
Missing character: There is no î in font cmr12!
Missing character: There is no ‚ in font cmr12!
Missing character: There is no Ä in font cmr12!
Missing character: There is no î in font cmr12!
Missing character: There is no ‚ in font cmr12!
Missing character: There is no Ä in font cmr12!
Missing character: There is no î in font cmr12!
Missing character: There is no ‚ in font cmr12!
Missing character: There is no Ä in font cmr12!
Missing character: There is no î in font cmr12!
 [10]
Missing character: There is no ‚ in font cmr12!
Missing character: There is no Ä in font cmr12!
Missing character: There is no î in font cmr12!
Missing character: There is no ‚ in font cmr12!
Missing character: There is no Ä in font cmr12!
Missing character: There is no ô in font cmr12!
Missing character: There is no ‚ in font cmr12!
Missing character: There is no Ä in font cmr12!
Missing character: There is no ô in font cmr12!

[11] <Figures/VG Diagram.png, id=1083, 508.90125pt x 361.35pt>
File: Figures/VG Diagram.png Graphic file (type png)

<use Figures/VG Diagram.png>
Package pdftex.def Info: Figures/VG Diagram.png used on input line 139.
(pdftex.def)             Requested size: 469.75502pt x 333.56532pt.
 [12]
Missing character: There is no ‚ in font cmr12!
Missing character: There is no Ä in font cmr12!
Missing character: There is no ô in font cmr12!
 [13 <./Figures/VG Diagram.png>]
Missing character: There is no ‚ in font cmr12!
Missing character: There is no Ä in font cmr12!
Missing character: There is no ô in font cmr12!
Missing character: There is no ‚ in font cmr12!
Missing character: There is no Ä in font cmr12!
Missing character: There is no ô in font cmr12!
 [14]
Underfull \hbox (badness 10000) in paragraph at lines 172--173

 []

Missing character: There is no ‚ in font cmr12!
Missing character: There is no Ä in font cmr12!
Missing character: There is no ô in font cmr12!
Missing character: There is no ‚ in font cmr12!
Missing character: There is no Ä in font cmr12!
Missing character: There is no ì in font cmr12!
Missing character: There is no ‚ in font cmr12!
Missing character: There is no Ä in font cmr12!
Missing character: There is no ì in font cmr12!
Missing character: There is no ‚ in font cmr12!
Missing character: There is no Ä in font cmr12!
Missing character: There is no ì in font cmr12!
[15]
Missing character: There is no ‚ in font cmr12!
Missing character: There is no Ä in font cmr12!
Missing character: There is no ô in font cmr12!
Missing character: There is no ‚ in font cmr12!
Missing character: There is no Ä in font cmr12!
Missing character: There is no ô in font cmr12!
Missing character: There is no ‚ in font cmr12!
Missing character: There is no Ä in font cmr12!
Missing character: There is no ô in font cmr12!
Missing character: There is no ¬ in font cmr12!
Missing character: There is no ∞ in font cmr12!
 [16]
Missing character: There is no ‚ in font cmr12!
Missing character: There is no Ä in font cmr12!
Missing character: There is no ô in font cmr12!
 [17]
Missing character: There is no ‚ in font cmr12!
Missing character: There is no Ä in font cmr12!
Missing character: There is no ô in font cmr12!
Missing character: There is no ‚ in font cmr12!
Missing character: There is no Ä in font cmr12!
Missing character: There is no ì in font cmr12!
 [18]
Missing character: There is no ‚ in font cmr12!
Missing character: There is no Ä in font cmr12!
Missing character: There is no ì in font cmr12!
Missing character: There is no ¬ in font cmr12!
Missing character: There is no ∞ in font cmr12!
Missing character: There is no ¬ in font cmr12!
Missing character: There is no ∞ in font cmr12!
Missing character: There is no ‚ in font cmr12!
Missing character: There is no Ä in font cmr12!
Missing character: There is no ì in font cmr12!
Missing character: There is no ¬ in font cmr12!
Missing character: There is no ∞ in font cmr12!
 [19]
Overfull \hbox (7.23279pt too wide) in paragraph at lines 233--233
[]\OT1/cmr/bx/n/17.28 Airplane Con-struc-tion, In-stru-ments, En-gines, & Con-
 []

Missing character: There is no ‚ in font cmr12!
Missing character: There is no Ä in font cmr12!
Missing character: There is no ô in font cmr12!
Missing character: There is no ‚ in font cmr12!
Missing character: There is no Ä in font cmr12!
Missing character: There is no ô in font cmr12!
[20] [21]
Overfull \hbox (4.86212pt too wide) in paragraph at lines 263--266
 []\OT1/cmr/bx/n/12 Variable-Pitch/Constant-Speed Pro-peller[] \OT1/cmr/m/n/12 
A constant-speed pro-peller is a controllable-
 []

Missing character: There is no ‚ in font cmr12!
Missing character: There is no Ä in font cmr12!
Missing character: There is no ô in font cmr12!
Missing character: There is no ‚ in font cmr12!
Missing character: There is no Ä in font cmr12!
Missing character: There is no î in font cmr12!
[22] [23]
Missing character: There is no ¬ in font cmr12!
Missing character: There is no ≠ in font cmr12!
Missing character: There is no ‚ in font cmr12!
Missing character: There is no Ä in font cmr12!
Missing character: There is no ô in font cmr12!
Missing character: There is no ‚ in font cmr12!
Missing character: There is no Ä in font cmr12!
Missing character: There is no ô in font cmr12!
Missing character: There is no ‚ in font cmr12!
Missing character: There is no Ä in font cmr12!
Missing character: There is no ô in font cmr12!
Missing character: There is no ‚ in font cmr12!
Missing character: There is no Ä in font cmr12!
Missing character: There is no ô in font cmr12!
Missing character: There is no ‚ in font cmr12!
Missing character: There is no Ä in font cmr12!
Missing character: There is no ô in font cmr12!
 [24]
Missing character: There is no ‚ in font cmr12!
Missing character: There is no Ä in font cmr12!
Missing character: There is no ô in font cmr12!
 [25]
Underfull \hbox (badness 10000) in paragraph at lines 300--301

 []

<Figures/Propeller Blade Control.png, id=1267, 621.32124pt x 338.26375pt>
File: Figures/Propeller Blade Control.png Graphic file (type png)

<use Figures/Propeller Blade Control.png>
Package pdftex.def Info: Figures/Propeller Blade Control.png used on input line
 304.
(pdftex.def)             Requested size: 375.80544pt x 204.596pt.
 [26 <./Figures/Propeller Blade Control.png>]
Missing character: There is no ‚ in font cmr12!
Missing character: There is no Ä in font cmr12!
Missing character: There is no ô in font cmr12!
Missing character: There is no ‚ in font cmr12!
Missing character: There is no Ä in font cmr12!
Missing character: There is no ú in font cmr12!
Missing character: There is no ‚ in font cmr12!
Missing character: There is no Ä in font cmr12!
Missing character: There is no ù in font cmr12!
 [27] <Figures/Pitot-Static.png, id=1295, 603.25375pt x 389.455pt>
File: Figures/Pitot-Static.png Graphic file (type png)

<use Figures/Pitot-Static.png>
Package pdftex.def Info: Figures/Pitot-Static.png used on input line 328.
(pdftex.def)             Requested size: 375.80544pt x 242.61246pt.
 [28]
<Figures/Altimeter.png, id=1303, 285.065pt x 354.32375pt>
File: Figures/Altimeter.png Graphic file (type png)

<use Figures/Altimeter.png>
Package pdftex.def Info: Figures/Altimeter.png used on input line 334.
(pdftex.def)             Requested size: 234.8775pt x 291.94223pt.
 [29 <./Figures/Pitot-Static.png>] [30 <./Figures/Altimeter.png>] <Figures/Airs
peed.png, id=1327, 288.07625pt x 273.02pt>
File: Figures/Airspeed.png Graphic file (type png)

<use Figures/Airspeed.png>
Package pdftex.def Info: Figures/Airspeed.png used on input line 352.
(pdftex.def)             Requested size: 234.8775pt x 222.6114pt.
Missing character: There is no ‚ in font cmr12!
Missing character: There is no Ä in font cmr12!
Missing character: There is no î in font cmr12!
Missing character: There is no ‚ in font cmr12!
Missing character: There is no Ä in font cmr12!
Missing character: There is no î in font cmr12!
Missing character: There is no ‚ in font cmr12!
Missing character: There is no Ä in font cmr12!
Missing character: There is no î in font cmr12!
Missing character: There is no ‚ in font cmr12!
Missing character: There is no Ä in font cmr12!
Missing character: There is no î in font cmr12!
Missing character: There is no ‚ in font cmr12!
Missing character: There is no Ä in font cmr12!
Missing character: There is no î in font cmr12!
 [31 <./Figures/Airspeed.png>]
<Figures/VSI.png, id=1343, 288.07625pt x 266.9975pt>
File: Figures/VSI.png Graphic file (type png)
 <use Figures/VSI.png>
Package pdftex.def Info: Figures/VSI.png used on input line 380.
(pdftex.def)             Requested size: 234.8775pt x 217.70084pt.

<Figures/Attitude.png, id=1344, 292.09125pt x 270.00874pt>
File: Figures/Attitude.png Graphic file (type png)

<use Figures/Attitude.png>
Package pdftex.def Info: Figures/Attitude.png used on input line 392.
(pdftex.def)             Requested size: 234.8775pt x 217.12791pt.
 [32 <./Figures/VSI.png>]
Missing character: There is no ‚ in font cmr12!
Missing character: There is no Ä in font cmr12!
Missing character: There is no ô in font cmr12!

<Figures/Turn Coordinator.png, id=1367, 300.12125pt x 365.365pt>
File: Figures/Turn Coordinator.png Graphic file (type png)

<use Figures/Turn Coordinator.png>
Package pdftex.def Info: Figures/Turn Coordinator.png used on input line 399.
(pdftex.def)             Requested size: 234.8775pt x 285.94803pt.
 [33 <./Figures/Attitude.png>]
<Figures/Heading Indicator.png, id=1379, 297.11pt x 315.1775pt>
File: Figures/Heading Indicator.png Graphic file (type png)

<use Figures/Heading Indicator.png>
Package pdftex.def Info: Figures/Heading Indicator.png used on input line 405.
(pdftex.def)             Requested size: 234.8775pt x 249.17024pt.
 [34 <./Figures/Turn Coordinator.png>]
[35 <./Figures/Heading Indicator.png>] [36] [37]
Missing character: There is no ‚ in font cmr12!
Missing character: There is no Ä in font cmr12!
Missing character: There is no ô in font cmr12!
Missing character: There is no ‚ in font cmr12!
Missing character: There is no Ä in font cmr12!
Missing character: There is no ô in font cmr12!
Missing character: There is no ‚ in font cmr12!
Missing character: There is no Ä in font cmr12!
Missing character: There is no ô in font cmr12!
 [38]
Missing character: There is no ‚ in font cmr12!
Missing character: There is no à in font cmr12!
Missing character: There is no í in font cmr12!
Missing character: There is no ‚ in font cmr12!
Missing character: There is no à in font cmr12!
Missing character: There is no í in font cmr12!
Missing character: There is no ‚ in font cmr12!
Missing character: There is no à in font cmr12!
Missing character: There is no í in font cmr12!
Missing character: There is no ‚ in font cmr12!
Missing character: There is no à in font cmr12!
Missing character: There is no í in font cmr12!
Missing character: There is no ‚ in font cmr12!
Missing character: There is no à in font cmr12!
Missing character: There is no í in font cmr12!
Missing character: There is no ‚ in font cmr10!
Missing character: There is no à in font cmr10!
Missing character: There is no í in font cmr10!
Missing character: There is no ‚ in font cmr10!
Missing character: There is no à in font cmr10!
Missing character: There is no í in font cmr10!
Missing character: There is no ‚ in font cmbx12!
Missing character: There is no à in font cmbx12!
Missing character: There is no í in font cmbx12!
Missing character: There is no ‚ in font cmr12!
Missing character: There is no à in font cmr12!
Missing character: There is no í in font cmr12!
Missing character: There is no ‚ in font cmr12!
Missing character: There is no à in font cmr12!
Missing character: There is no í in font cmr12!
Missing character: There is no ‚ in font cmr12!
Missing character: There is no à in font cmr12!
Missing character: There is no í in font cmr12!
Missing character: There is no ‚ in font cmr12!
Missing character: There is no à in font cmr12!
Missing character: There is no í in font cmr12!
Missing character: There is no ‚ in font cmr12!
Missing character: There is no à in font cmr12!
Missing character: There is no í in font cmr12!
Missing character: There is no ‚ in font cmr12!
Missing character: There is no à in font cmr12!
Missing character: There is no í in font cmr12!
Missing character: There is no ‚ in font cmr12!
Missing character: There is no à in font cmr12!
Missing character: There is no í in font cmr12!
Missing character: There is no ‚ in font cmr12!
Missing character: There is no à in font cmr12!
Missing character: There is no í in font cmr12!
Missing character: There is no ‚ in font cmr12!
Missing character: There is no à in font cmr12!
Missing character: There is no í in font cmr12!
Missing character: There is no ‚ in font cmr12!
Missing character: There is no à in font cmr12!
Missing character: There is no í in font cmr12!
Missing character: There is no ‚ in font cmr12!
Missing character: There is no à in font cmr12!
Missing character: There is no í in font cmr12!
Missing character: There is no ‚ in font cmr12!
Missing character: There is no à in font cmr12!
Missing character: There is no í in font cmr12!
Missing character: There is no ‚ in font cmr10!
Missing character: There is no à in font cmr10!
Missing character: There is no í in font cmr10!
Missing character: There is no ‚ in font cmr10!
Missing character: There is no à in font cmr10!
Missing character: There is no í in font cmr10!

Overfull \hbox (7.63495pt too wide) in paragraph at lines 456--457
 []\OT1/cmr/bx/n/12 ADS-B: Au-to-matic De-pen-dent Surveil-lance-Broad-cast[] \
OT1/cmr/m/n/12 Au-to-matic De-pen-dent Surveil-
 []

Missing character: There is no ‚ in font cmbx12!
Missing character: There is no à in font cmbx12!
Missing character: There is no í in font cmbx12!
Missing character: There is no ‚ in font cmr12!
Missing character: There is no à in font cmr12!
Missing character: There is no í in font cmr12!
Missing character: There is no ‚ in font cmr12!
Missing character: There is no à in font cmr12!
Missing character: There is no í in font cmr12!
Missing character: There is no ‚ in font cmr12!
Missing character: There is no à in font cmr12!
Missing character: There is no í in font cmr12!
Missing character: There is no ‚ in font cmr12!
Missing character: There is no à in font cmr12!
Missing character: There is no í in font cmr12!
Missing character: There is no ‚ in font cmr10!
Missing character: There is no à in font cmr10!
Missing character: There is no í in font cmr10!
Missing character: There is no ‚ in font cmr10!
Missing character: There is no à in font cmr10!
Missing character: There is no í in font cmr10!
[39] <Figures/CDI.png, id=1469, 232.87pt x 244.915pt>
File: Figures/CDI.png Graphic file (type png)
 <use Figures/CDI.png>
Package pdftex.def Info: Figures/CDI.png used on input line 462.
(pdftex.def)             Requested size: 234.8775pt x 247.03331pt.

<Figures/HSI.png, id=1472, 239.89626pt x 404.51125pt>
File: Figures/HSI.png Graphic file (type png)
 <use Figures/HSI.png>
Package pdftex.def Info: Figures/HSI.png used on input line 468.
(pdftex.def)             Requested size: 239.89566pt x 404.51025pt.

Overfull \hbox (5.01816pt too wide) in paragraph at lines 468--469
 [][] 
 []

[40 <./Figures/CDI.png>]
Missing character: There is no ‚ in font cmr12!
Missing character: There is no Ä in font cmr12!
Missing character: There is no ô in font cmr12!

Overfull \hbox (7.03923pt too wide) in paragraph at lines 471--471
[]\OT1/cmr/bx/n/12 Radio Mag-netic In-di-ca-tor (RMI) 
 []

[41 <./Figures/HSI.png>] <Figures/ADF 1.png, id=1495, 337.26pt x 335.2525pt>
File: Figures/ADF 1.png Graphic file (type png)

<use Figures/ADF 1.png>
Package pdftex.def Info: Figures/ADF 1.png used on input line 478.
(pdftex.def)             Requested size: 234.8775pt x 233.48323pt.
 <Figures/ADF 2.png, id=1496, 338.26375pt x 333.245pt>
File: Figures/ADF 2.png Graphic file (type png)

<use Figures/ADF 2.png>
Package pdftex.def Info: Figures/ADF 2.png used on input line 479.
(pdftex.def)             Requested size: 234.8775pt x 231.39865pt.
Missing character: There is no ‚ in font cmr12!
Missing character: There is no Ä in font cmr12!
Missing character: There is no ô in font cmr12!
 [42 <./Figures/ADF 1.png> <./Figures/ADF 2.png>]
Missing character: There is no ‚ in font cmr12!
Missing character: There is no à in font cmr12!
Missing character: There is no í in font cmr12!
Missing character: There is no ‚ in font cmr12!
Missing character: There is no à in font cmr12!
Missing character: There is no í in font cmr12!
Missing character: There is no ‚ in font cmr12!
Missing character: There is no à in font cmr12!
Missing character: There is no í in font cmr12!

[43]
Missing character: There is no ¬ in font cmr12!
Missing character: There is no ß in font cmr12!

Overfull \hbox (2.68591pt too wide) in paragraph at lines 507--508
[]\OT1/cmr/m/n/12 Pass the re-quired knowl-edge test on the aero-nau-ti-cal kno
wl-edge ar-eas listed in  61.105(b)
 []

Missing character: There is no ¬ in font cmr12!
Missing character: There is no ß in font cmr12!
[44] [45] [46]
Missing character: There is no ‚ in font cmr12!
Missing character: There is no Ä in font cmr12!
Missing character: There is no ú in font cmr12!
Missing character: There is no ‚ in font cmr12!
Missing character: There is no Ä in font cmr12!
Missing character: There is no ù in font cmr12!
Missing character: There is no ‚ in font cmr12!
Missing character: There is no Ä in font cmr12!
Missing character: There is no ô in font cmr12!
Missing character: There is no ‚ in font cmr12!
Missing character: There is no Ä in font cmr12!
Missing character: There is no ô in font cmr12!
 [47] [48] [49] [50]
Missing character: There is no ‚ in font cmr12!
Missing character: There is no Ä in font cmr12!
Missing character: There is no î in font cmr12!
 [51]
Missing character: There is no ‚ in font cmr12!
Missing character: There is no Ä in font cmr12!
Missing character: There is no î in font cmr12!
 [52]
Overfull \hbox (2.69975pt too wide) in paragraph at lines 707--708
[]\OT1/cmr/m/n/12 Altimeter set-ting: re-ported in inches of mer-cury A2970 for
 29.70 in Hg or QNH1013
 []

[53]
Overfull \hbox (2.96587pt too wide) in paragraph at lines 731--732
\OT1/cmr/m/n/12 (none,light,moderate,severe,extreme),
 []


Package multicol Warning: I moved some lines to the next page.
(multicol)                Footnotes on page 54 might be wrong on input line 732
.

[54]
Underfull \hbox (badness 10000) in paragraph at lines 732--733
[]\OT1/cmr/m/n/12 /IC ic-ing cat-e-gory and type
 []

[55]
Underfull \hbox (badness 10000) in paragraph at lines 758--759

 []

<Figures/Airport Diagram.png, id=1808, 607.26875pt x 940.51375pt>
File: Figures/Airport Diagram.png Graphic file (type png)

<use Figures/Airport Diagram.png>
Package pdftex.def Info: Figures/Airport Diagram.png used on input line 782.
(pdftex.def)             Requested size: 469.75502pt x 727.55598pt.


LaTeX Warning: Float too large for page by 77.12598pt on input line 783.

<Figures/Airport Diagram Legend.png, id=1809, 562.1pt x 813.0375pt>
File: Figures/Airport Diagram Legend.png Graphic file (type png)

<use Figures/Airport Diagram Legend.png>
Package pdftex.def Info: Figures/Airport Diagram Legend.png used on input line 
786.
(pdftex.def)             Requested size: 469.75502pt x 679.46078pt.


LaTeX Warning: Float too large for page by 29.03078pt on input line 787.

[56] [57 <./Figures/Airport Diagram.png>] [58 <./Figures/Airport Diagram Legend
.png>]
Underfull \hbox (badness 10000) in paragraph at lines 790--791

 []


Underfull \hbox (badness 10000) in paragraph at lines 792--793

 []


Underfull \hbox (badness 10000) in paragraph at lines 794--798

 []

[59] <Figures/AFD Legend.png, id=1868, 621.32124pt x 1009.7725pt>
File: Figures/AFD Legend.png Graphic file (type png)

<use Figures/AFD Legend.png>
Package pdftex.def Info: Figures/AFD Legend.png used on input line 835.
(pdftex.def)             Requested size: 258.36668pt x 419.8952pt.
 [60 <./Figures/AFD Legend.png>]
<Figures/Sectional Airport.png, id=1883, 217.81375pt x 215.80624pt>
File: Figures/Sectional Airport.png Graphic file (type png)

<use Figures/Sectional Airport.png>
Package pdftex.def Info: Figures/Sectional Airport.png used on input line 842.
(pdftex.def)             Requested size: 140.92793pt x 139.62697pt.

Underfull \hbox (badness 1377) in paragraph at lines 844--845
\OT1/cmr/m/n/12 ports. An air-port on a sec-tional chart is de-picted in
 []


Underfull \hbox (badness 10000) in paragraph at lines 844--845

 []


Underfull \hbox (badness 10000) in paragraph at lines 846--847

 []

[61 <./Figures/Sectional Airport.png>]
<Figures/Runway Lengths.png, id=1897, 1158.3275pt x 401.5pt>
File: Figures/Runway Lengths.png Graphic file (type png)

<use Figures/Runway Lengths.png>
Package pdftex.def Info: Figures/Runway Lengths.png used on input line 871.
(pdftex.def)             Requested size: 469.75502pt x 162.82715pt.
 [62 <./Figures/Runway Lengths.png>]
<Figures/Airport Markings.pdf, id=1906, 794.97pt x 1228.59pt>
File: Figures/Airport Markings.pdf Graphic file (type pdf)

<use Figures/Airport Markings.pdf>
Package pdftex.def Info: Figures/Airport Markings.pdf used on input line 878.
(pdftex.def)             Requested size: 794.96806pt x 1228.587pt.
File: Figures/Airport Markings.pdf Graphic file (type pdf)
 <use Figures/Airport Markings.pdf>
Package pdftex.def Info: Figures/Airport Markings.pdf used on input line 878.
(pdftex.def)             Requested size: 794.96806pt x 1228.587pt.

<Figures/Airport Markings.pdf, id=1909, page=1, 794.97pt x 1228.59pt>
File: Figures/Airport Markings.pdf Graphic file (type pdf)

<use Figures/Airport Markings.pdf, page 1>
Package pdftex.def Info: Figures/Airport Markings.pdf, page1 used on input line
 878.
(pdftex.def)             Requested size: 422.77664pt x 653.39922pt.
File: Figures/Airport Markings.pdf Graphic file (type pdf)

<use Figures/Airport Markings.pdf, page 1>
Package pdftex.def Info: Figures/Airport Markings.pdf, page1 used on input line
 878.
(pdftex.def)             Requested size: 967.79985pt x 1495.69069pt.
File: Figures/Airport Markings.pdf Graphic file (type pdf)

<use Figures/Airport Markings.pdf, page 1>
Package pdftex.def Info: Figures/Airport Markings.pdf, page1 used on input line
 878.
(pdftex.def)             Requested size: 967.79985pt x 1495.69069pt.
File: Figures/Airport Markings.pdf Graphic file (type pdf)

<use Figures/Airport Markings.pdf, page 1>
Package pdftex.def Info: Figures/Airport Markings.pdf, page1 used on input line
 878.
(pdftex.def)             Requested size: 967.79985pt x 1495.69069pt.
File: Figures/Airport Markings.pdf Graphic file (type pdf)

<use Figures/Airport Markings.pdf, page 1>
Package pdftex.def Info: Figures/Airport Markings.pdf, page1 used on input line
 880.
(pdftex.def)             Requested size: 967.79985pt x 1495.69069pt.
 [63 <./Figures/Airport Markings.pdf>]pdfTeX warning (ext4): destination with t
he same identifier (name{subfigure.1.1}) has been already used, duplicate ignor
ed
<to be read again> 
                   \relax 
l.892 			    		\subfloat
                        {{\includegraphics[width=0.3\linewidth]{Figures/Segm...
<Figures/Segmented Circle.png, id=1943, 304.13625pt x 312.16624pt>
File: Figures/Segmented Circle.png Graphic file (type png)

<use Figures/Segmented Circle.png>
Package pdftex.def Info: Figures/Segmented Circle.png used on input line 892.
(pdftex.def)             Requested size: 140.92793pt x 144.6509pt.
pdfTeX warning (ext4): destination with the same identifier (name{subfigure.1.2
}) has been already used, duplicate ignored
<to be read again> 
                   \relax 
l.893 			    		\subfloat
                        {{\includegraphics[width=0.7\linewidth]{Figures/Wind...
<Figures/Wind Direction Indicators.png, id=1944, 599.23875pt x 291.0875pt>
File: Figures/Wind Direction Indicators.png Graphic file (type png)

<use Figures/Wind Direction Indicators.png>
Package pdftex.def Info: Figures/Wind Direction Indicators.png used on input li
ne 893.
(pdftex.def)             Requested size: 328.82707pt x 159.73439pt.

<Figures/Runway Marking Elements.png, id=1947, 577.15625pt x 215.80624pt>
File: Figures/Runway Marking Elements.png Graphic file (type png)

<use Figures/Runway Marking Elements.png>
Package pdftex.def Info: Figures/Runway Marking Elements.png used on input line
 899.
(pdftex.def)             Requested size: 469.75502pt x 175.65495pt.

<Figures/Precision Instrument Runway Markings.png, id=1948, 597.23125pt x 469.7
55pt>
File: Figures/Precision Instrument Runway Markings.png Graphic file (type png)
 <use Figures/Precision Instrument Runway Markings.png>
Package pdftex.def Info: Figures/Precision Instrument Runway Markings.png used 
on input line 900.
(pdftex.def)             Requested size: 469.75502pt x 369.48961pt.
 [64 <./Figures/Segmented Circle.png> <./Figures/Wind Direction Indicators.png>
] [65 <./Figures/Runway Marking Elements.png> <./Figures/Precision Instrument R
unway Markings.png>]
Underfull \hbox (badness 10000) in paragraph at lines 921--924

 []

[66]
Underfull \hbox (badness 10000) in paragraph at lines 943--944

 []

Missing character: There is no ‚ in font cmr12!
Missing character: There is no Å in font cmr12!
Missing character: There is no Ñ in font cmr12!
[67] <Figures/VASI.png, id=2008, 411.5375pt x 308.15125pt>
File: Figures/VASI.png Graphic file (type png)

<use Figures/VASI.png>
Package pdftex.def Info: Figures/VASI.png used on input line 952.
(pdftex.def)             Requested size: 140.92793pt x 105.52235pt.
 <Figures/PAPI.png, id=2009, 592.2125pt x 185.69376pt>
File: Figures/PAPI.png Graphic file (type png)

<use Figures/PAPI.png>
Package pdftex.def Info: Figures/PAPI.png used on input line 953.
(pdftex.def)             Requested size: 328.82707pt x 103.10942pt.
Missing character: There is no ‚ in font cmr10!
Missing character: There is no à in font cmr10!
Missing character: There is no í in font cmr10!
 [68 <./Figures/VASI.png> <./Figures/PAPI.png>]
Missing character: There is no ‚ in font cmr12!
Missing character: There is no à in font cmr12!
Missing character: There is no í in font cmr12!
Missing character: There is no ‚ in font cmr12!
Missing character: There is no à in font cmr12!
Missing character: There is no í in font cmr12!

Underfull \hbox (badness 10000) in paragraph at lines 972--974

 []

Missing character: There is no ‚ in font cmr12!
Missing character: There is no à in font cmr12!
Missing character: There is no í in font cmr12!
Missing character: There is no ‚ in font cmr12!
Missing character: There is no à in font cmr12!
Missing character: There is no í in font cmr12!
Missing character: There is no ‚ in font cmr12!
Missing character: There is no à in font cmr12!
Missing character: There is no í in font cmr12!

Overfull \hbox (1.4368pt too wide) in paragraph at lines 977--978
\OT1/cmr/m/n/12 ter-sec-tions. They are pri-mar-ily used to en-hance the con-sp
icu-ity of taxi-way/runway
 []

Missing character: There is no ‚ in font cmr12!
Missing character: There is no à in font cmr12!
Missing character: There is no í in font cmr12!
Missing character: There is no ‚ in font cmr12!
Missing character: There is no à in font cmr12!
Missing character: There is no í in font cmr12!
Missing character: There is no ‚ in font cmr12!
Missing character: There is no à in font cmr12!
Missing character: There is no í in font cmr12!
Missing character: There is no ‚ in font cmr12!
Missing character: There is no à in font cmr12!
Missing character: There is no í in font cmr12!
Missing character: There is no ‚ in font cmr12!
Missing character: There is no à in font cmr12!
Missing character: There is no í in font cmr12!
[69] <Figures/PCL.png, id=2036, 279.0425pt x 126.4725pt>
File: Figures/PCL.png Graphic file (type png)
 <use Figures/PCL.png>
Package pdftex.def Info: Figures/PCL.png used on input line 984.
(pdftex.def)             Requested size: 234.8775pt x 106.45808pt.
Missing character: There is no ‚ in font cmr12!
Missing character: There is no Ä in font cmr12!
Missing character: There is no ô in font cmr12!

Underfull \hbox (badness 10000) in paragraph at lines 992--993

 []

[70 <./Figures/PCL.png>]
<Figures/Light Gun Signals.png, id=2053, 1019.81pt x 396.48125pt>
File: Figures/Light Gun Signals.png Graphic file (type png)

<use Figures/Light Gun Signals.png>
Package pdftex.def Info: Figures/Light Gun Signals.png used on input line 1002.

(pdftex.def)             Requested size: 469.75502pt x 182.63162pt.

Underfull \hbox (badness 10000) in paragraph at lines 1006--1007

 []

[71 <./Figures/Light Gun Signals.png>]
Missing character: There is no ‚ in font cmr12!
Missing character: There is no Ä in font cmr12!
Missing character: There is no ú in font cmr12!
Missing character: There is no ‚ in font cmr12!
Missing character: There is no Ä in font cmr12!
Missing character: There is no ù in font cmr12!
Missing character: There is no ‚ in font cmr12!
Missing character: There is no Ä in font cmr12!
Missing character: There is no ú in font cmr12!
Missing character: There is no ‚ in font cmr12!
Missing character: There is no Ä in font cmr12!
Missing character: There is no ù in font cmr12!
Missing character: There is no ‚ in font cmr12!
Missing character: There is no à in font cmr12!
Missing character: There is no í in font cmr12!
Missing character: There is no ‚ in font cmr12!
Missing character: There is no à in font cmr12!
Missing character: There is no í in font cmr12!

Underfull \hbox (badness 10000) in paragraph at lines 1028--1030

 []

[72]
Underfull \hbox (badness 10000) in paragraph at lines 1034--1035

 []

Missing character: There is no ‚ in font cmr12!
Missing character: There is no Ä in font cmr12!
Missing character: There is no ô in font cmr12!
Missing character: There is no ‚ in font cmr12!
Missing character: There is no Ä in font cmr12!
Missing character: There is no ô in font cmr12!
Missing character: There is no ‚ in font cmr12!
Missing character: There is no Ä in font cmr12!
Missing character: There is no ô in font cmr12!
[73]
Missing character: There is no ‚ in font cmr12!
Missing character: There is no Ä in font cmr12!
Missing character: There is no ô in font cmr12!
Missing character: There is no ‚ in font cmr12!
Missing character: There is no Ä in font cmr12!
Missing character: There is no ô in font cmr12!
Missing character: There is no ‚ in font cmr12!
Missing character: There is no à in font cmr12!
Missing character: There is no í in font cmr12!
Missing character: There is no ‚ in font cmr12!
Missing character: There is no à in font cmr12!
Missing character: There is no í in font cmr12!
Missing character: There is no ‚ in font cmr12!
Missing character: There is no à in font cmr12!
Missing character: There is no í in font cmr12!
Missing character: There is no ‚ in font cmr12!
Missing character: There is no à in font cmr12!
Missing character: There is no í in font cmr12!
 [74]
Missing character: There is no ‚ in font cmr12!
Missing character: There is no Ä in font cmr12!
Missing character: There is no ú in font cmr12!
Missing character: There is no ‚ in font cmr12!
Missing character: There is no Ä in font cmr12!
Missing character: There is no ù in font cmr12!

Underfull \hbox (badness 10000) in paragraph at lines 1065--1066

 []

[75] <Figures/Traffic Pattern Legs.png, id=2132, 436.63126pt x 301.125pt>
File: Figures/Traffic Pattern Legs.png Graphic file (type png)

<use Figures/Traffic Pattern Legs.png>
Package pdftex.def Info: Figures/Traffic Pattern Legs.png used on input line 10
79.
(pdftex.def)             Requested size: 328.82707pt x 226.77592pt.
 [76 <./Figures/Traffic Pattern Legs.png>]
Underfull \hbox (badness 10000) in paragraph at lines 1088--1089

 []

Missing character: There is no ‚ in font cmr12!
Missing character: There is no Ä in font cmr12!
Missing character: There is no ô in font cmr12!

Underfull \hbox (badness 10000) in paragraph at lines 1090--1091

 []

<Figures/Traffic Pattern Entry.png, id=2148, 605.26125pt x 439.6425pt>
File: Figures/Traffic Pattern Entry.png Graphic file (type png)

<use Figures/Traffic Pattern Entry.png>
Package pdftex.def Info: Figures/Traffic Pattern Entry.png used on input line 1
094.
(pdftex.def)             Requested size: 328.82707pt x 238.85242pt.
Missing character: There is no ‚ in font cmr12!
Missing character: There is no Ä in font cmr12!
Missing character: There is no ú in font cmr12!
Missing character: There is no ‚ in font cmr12!
Missing character: There is no Ä in font cmr12!
Missing character: There is no ù in font cmr12!

Underfull \hbox (badness 10000) in paragraph at lines 1097--1098

 []

[77 <./Figures/Traffic Pattern Entry.png>] [78] [79]
Underfull \hbox (badness 10000) in paragraph at lines 1134--1135

 []

<Figures/Sectional Legend.png, id=2181, 531.9875pt x 1051.93pt>
File: Figures/Sectional Legend.png Graphic file (type png)

<use Figures/Sectional Legend.png>
Package pdftex.def Info: Figures/Sectional Legend.png used on input line 1145.
(pdftex.def)             Requested size: 328.82707pt x 650.21558pt.


LaTeX Warning: Float too large for page by 24.28555pt on input line 1147.


Underfull \hbox (badness 10000) in paragraph at lines 1154--1155

 []


Underfull \hbox (badness 10000) in paragraph at lines 1156--1157

 []

[80] [81 <./Figures/Sectional Legend.png>]
Underfull \hbox (badness 10000) in paragraph at lines 1176--1177

 []

[82]
Missing character: There is no ‚ in font cmr12!
Missing character: There is no Ä in font cmr12!
Missing character: There is no ¢ in font cmr12!
 [83]
Underfull \hbox (badness 10000) in paragraph at lines 1201--1202

 []


Underfull \hbox (badness 10000) in paragraph at lines 1203--1204

 []

[84] [85] [86] <Figures/Airspace.png, id=2245, 779.91376pt x 347.2975pt>
File: Figures/Airspace.png Graphic file (type png)

<use Figures/Airspace.png>
Package pdftex.def Info: Figures/Airspace.png used on input line 1248.
(pdftex.def)             Requested size: 469.75502pt x 209.1803pt.
 [87 <./Figures/Airspace.png>] [88] [89] [90]
Missing character: There is no ‚ in font cmr12!
Missing character: There is no Ä in font cmr12!
Missing character: There is no ú in font cmr12!
Missing character: There is no ‚ in font cmr12!
Missing character: There is no Ä in font cmr12!
Missing character: There is no ù in font cmr12!
Missing character: There is no ‚ in font cmr12!
Missing character: There is no Ä in font cmr12!
Missing character: There is no ú in font cmr12!
Missing character: There is no ‚ in font cmr12!
Missing character: There is no Ä in font cmr12!
Missing character: There is no ù in font cmr12!
Missing character: There is no ‚ in font cmr12!
Missing character: There is no Ä in font cmr12!
Missing character: There is no ú in font cmr12!
Missing character: There is no ‚ in font cmr12!
Missing character: There is no Ä in font cmr12!
Missing character: There is no ù in font cmr12!
Missing character: There is no ‚ in font cmr12!
Missing character: There is no Ä in font cmr12!
Missing character: There is no ú in font cmr12!
Missing character: There is no ‚ in font cmr12!
Missing character: There is no Ä in font cmr12!
Missing character: There is no ù in font cmr12!

[91]
Missing character: There is no ‚ in font cmr12!
Missing character: There is no Ä in font cmr12!
Missing character: There is no ú in font cmr12!
Missing character: There is no ‚ in font cmr12!
Missing character: There is no Ä in font cmr12!
Missing character: There is no ù in font cmr12!
 [92]
Missing character: There is no ‚ in font cmr12!
Missing character: There is no Ä in font cmr12!
Missing character: There is no ú in font cmr12!
Missing character: There is no ‚ in font cmr12!
Missing character: There is no Ä in font cmr12!
Missing character: There is no ù in font cmr12!
 [93]
Underfull \hbox (badness 10000) in paragraph at lines 1372--1373

 []

Missing character: There is no ‚ in font cmr12!
Missing character: There is no Ä in font cmr12!
Missing character: There is no ô in font cmr12!
Missing character: There is no ‚ in font cmr12!
Missing character: There is no Ä in font cmr12!
Missing character: There is no ô in font cmr12!

Underfull \hbox (badness 10000) in paragraph at lines 1374--1375

 []

[94]
Missing character: There is no ‚ in font cmr12!
Missing character: There is no Ä in font cmr12!
Missing character: There is no ô in font cmr12!
Missing character: There is no ‚ in font cmr12!
Missing character: There is no à in font cmr12!
Missing character: There is no í in font cmr12!

Underfull \hbox (badness 10000) in paragraph at lines 1387--1388

 []


Underfull \hbox (badness 10000) in paragraph at lines 1389--1390

 []

[95]
Missing character: There is no ‚ in font cmr12!
Missing character: There is no Ä in font cmr12!
Missing character: There is no ú in font cmr12!
Missing character: There is no ‚ in font cmr12!
Missing character: There is no Ä in font cmr12!
Missing character: There is no ù in font cmr12!

Underfull \hbox (badness 10000) in paragraph at lines 1401--1402

 []

Missing character: There is no ‚ in font cmr12!
Missing character: There is no Ä in font cmr12!
Missing character: There is no ô in font cmr12!
Missing character: There is no ‚ in font cmr12!
Missing character: There is no Ä in font cmr12!
Missing character: There is no ô in font cmr12!
[96] [97]
Missing character: There is no ‚ in font cmr12!
Missing character: There is no Ä in font cmr12!
Missing character: There is no ô in font cmr12!
 [98]
Missing character: There is no ‚ in font cmr12!
Missing character: There is no Ä in font cmr12!
Missing character: There is no ô in font cmr12!
 [99] [100]
Missing character: There is no ‚ in font cmr12!
Missing character: There is no Ä in font cmr12!
Missing character: There is no ô in font cmr12!
Missing character: There is no ¬ in font cmr12!
Missing character: There is no ≠ in font cmr12!
Missing character: There is no ‚ in font cmr12!
Missing character: There is no Ä in font cmr12!
Missing character: There is no ô in font cmr12!
 [101] [102] [103]
Underfull \hbox (badness 10000) in paragraph at lines 1561--1562

 []


Underfull \hbox (badness 10000) in paragraph at lines 1563--1564

 []


Underfull \hbox (badness 10000) in paragraph at lines 1565--1566

 []


Underfull \hbox (badness 10000) in paragraph at lines 1567--1568

 []


Underfull \hbox (badness 10000) in paragraph at lines 1569--1570

 []


Underfull \hbox (badness 10000) in paragraph at lines 1571--1572

 []

[104]
Missing character: There is no ‚ in font cmr12!
Missing character: There is no Ä in font cmr12!
Missing character: There is no ô in font cmr12!

Underfull \hbox (badness 10000) in paragraph at lines 1588--1589

 []


Underfull \hbox (badness 10000) in paragraph at lines 1590--1591

 []


Underfull \hbox (badness 10000) in paragraph at lines 1592--1593

 []

[105]
Missing character: There is no ‚ in font cmr12!
Missing character: There is no Ä in font cmr12!
Missing character: There is no ô in font cmr12!
Missing character: There is no ‚ in font cmr12!
Missing character: There is no Ä in font cmr12!
Missing character: There is no ô in font cmr12!

Underfull \hbox (badness 10000) in paragraph at lines 1614--1615

 []

[106]
Missing character: There is no ‚ in font cmr12!
Missing character: There is no Ä in font cmr12!
Missing character: There is no ô in font cmr12!
 [107]
Missing character: There is no ‚ in font cmr12!
Missing character: There is no Ä in font cmr12!
Missing character: There is no ô in font cmr12!
Missing character: There is no ‚ in font cmr12!
Missing character: There is no Ä in font cmr12!
Missing character: There is no ô in font cmr12!
Missing character: There is no ‚ in font cmr12!
Missing character: There is no Ä in font cmr12!
Missing character: There is no ú in font cmr12!
Missing character: There is no ‚ in font cmr12!
Missing character: There is no Ä in font cmr12!
Missing character: There is no ù in font cmr12!
 [108]
Missing character: There is no ‚ in font cmr12!
Missing character: There is no Ä in font cmr12!
Missing character: There is no ô in font cmr12!

Underfull \hbox (badness 10000) in paragraph at lines 1688--1689

 []

[109]
Missing character: There is no ‚ in font cmr12!
Missing character: There is no Ä in font cmr12!
Missing character: There is no ô in font cmr12!
Missing character: There is no ‚ in font cmr12!
Missing character: There is no Ä in font cmr12!
Missing character: There is no ô in font cmr12!
Missing character: There is no ‚ in font cmr12!
Missing character: There is no Ä in font cmr12!
Missing character: There is no ô in font cmr12!

Underfull \hbox (badness 10000) in paragraph at lines 1708--1709

 []

[110] <Figures/Forward Slip.png, id=2595, 304.13625pt x 428.60126pt>
File: Figures/Forward Slip.png Graphic file (type png)

<use Figures/Forward Slip.png>
Package pdftex.def Info: Figures/Forward Slip.png used on input line 1712.
(pdftex.def)             Requested size: 140.92793pt x 198.6043pt.
Missing character: There is no ‚ in font cmr12!
Missing character: There is no Ä in font cmr12!
Missing character: There is no ú in font cmr12!
Missing character: There is no ‚ in font cmr12!
Missing character: There is no Ä in font cmr12!
Missing character: There is no ù in font cmr12!
Missing character: There is no ‚ in font cmr12!
Missing character: There is no Ä in font cmr12!
Missing character: There is no ô in font cmr12!
Missing character: There is no ‚ in font cmr12!
Missing character: There is no Ä in font cmr12!
Missing character: There is no ô in font cmr12!
Missing character: There is no ‚ in font cmr12!
Missing character: There is no Ä in font cmr12!
Missing character: There is no ô in font cmr12!

Underfull \hbox (badness 10000) in paragraph at lines 1715--1716

 []

[111 <./Figures/Forward Slip.png>]
Underfull \hbox (badness 10000) in paragraph at lines 1730--1731

 []


Underfull \hbox (badness 10000) in paragraph at lines 1732--1733

 []

[112]
Underfull \hbox (badness 10000) in paragraph at lines 1758--1759

 []


Underfull \hbox (badness 10000) in paragraph at lines 1769--1770

 []

[113]
Underfull \hbox (badness 10000) in paragraph at lines 1784--1785

 []

[114]
Underfull \hbox (badness 10000) in paragraph at lines 1800--1801

 []

[115]
Underfull \hbox (badness 10000) in paragraph at lines 1828--1829

 []


Underfull \hbox (badness 10000) in paragraph at lines 1830--1831

 []

Missing character: There is no ‚ in font cmr12!
Missing character: There is no Ä in font cmr12!
Missing character: There is no ô in font cmr12!
Missing character: There is no ‚ in font cmr12!
Missing character: There is no Ä in font cmr12!
Missing character: There is no ô in font cmr12!

Underfull \hbox (badness 10000) in paragraph at lines 1841--1842

 []

[116]
Missing character: There is no ‚ in font cmr12!
Missing character: There is no Ä in font cmr12!
Missing character: There is no ô in font cmr12!
 <Figures/S-turns.png, id=2697, 597.23125pt x 335.2525pt>
File: Figures/S-turns.png Graphic file (type png)

<use Figures/S-turns.png>
Package pdftex.def Info: Figures/S-turns.png used on input line 1855.
(pdftex.def)             Requested size: 469.75502pt x 263.69557pt.

Overfull \hbox (17.62482pt too wide) in paragraph at lines 1855--1856
[][] 
 []

[117] <Figures/Turns around a point.png, id=2705, 600.2425pt x 336.25626pt>
File: Figures/Turns around a point.png Graphic file (type png)

<use Figures/Turns around a point.png>
Package pdftex.def Info: Figures/Turns around a point.png used on input line 18
71.
(pdftex.def)             Requested size: 469.75502pt x 263.16646pt.

Overfull \hbox (17.62482pt too wide) in paragraph at lines 1871--1872
[][] 
 []

[118 <./Figures/S-turns.png>]
<Figures/Rectangular course.png, id=2721, 611.28375pt x 464.73625pt>
File: Figures/Rectangular course.png Graphic file (type png)

<use Figures/Rectangular course.png>
Package pdftex.def Info: Figures/Rectangular course.png used on input line 1886
.
(pdftex.def)             Requested size: 469.75502pt x 357.13179pt.

Overfull \hbox (17.62482pt too wide) in paragraph at lines 1886--1887
[][] 
 []

[119 <./Figures/Turns around a point.png>]
Underfull \hbox (badness 10000) in paragraph at lines 1899--1900

 []

[120 <./Figures/Rectangular course.png>]
Underfull \hbox (badness 10000) in paragraph at lines 1918--1919

 []


Underfull \hbox (badness 10000) in paragraph at lines 1927--1928

 []

[121]
Underfull \hbox (badness 10000) in paragraph at lines 1929--1930

 []


Underfull \hbox (badness 10000) in paragraph at lines 1931--1932

 []

Missing character: There is no ‚ in font cmr12!
Missing character: There is no Ä in font cmr12!
Missing character: There is no ô in font cmr12!
Package atveryend Info: Empty hook `BeforeClearDocument' on input line 1937.
[122]
Package atveryend Info: Empty hook `AfterLastShipout' on input line 1937.
 (./ppl.aux)
Package atveryend Info: Executing hook `AtVeryEndDocument' on input line 1937.
Package atveryend Info: Executing hook `AtEndAfterFileList' on input line 1937.

Package rerunfilecheck Info: File `ppl.out' has not changed.
(rerunfilecheck)             Checksum: 9696A6B39B77A51ACC45A25849028EC5;14914.
Package atveryend Info: Empty hook `AtVeryVeryEnd' on input line 1937.
 ) 
Here is how much of TeX's memory you used:
 10572 strings out of 493014
 158553 string characters out of 6133351
 253495 words of memory out of 5000000
 12933 multiletter control sequences out of 15000+600000
 10160 words of font info for 37 fonts, out of 8000000 for 9000
 1141 hyphenation exceptions out of 8191
 44i,18n,45p,1534b,697s stack positions out of 5000i,500n,10000p,200000b,80000s
</usr/local/texlive/2016/texmf-dist/fonts/type1/public/amsfonts/cm/cmbx12.pfb
></usr/local/texlive/2016/texmf-dist/fonts/type1/public/amsfonts/cm/cmex10.pfb>
</usr/local/texlive/2016/texmf-dist/fonts/type1/public/amsfonts/cm/cmmi12.pfb><
/usr/local/texlive/2016/texmf-dist/fonts/type1/public/amsfonts/cm/cmmi8.pfb></u
sr/local/texlive/2016/texmf-dist/fonts/type1/public/amsfonts/cm/cmr10.pfb></usr
/local/texlive/2016/texmf-dist/fonts/type1/public/amsfonts/cm/cmr12.pfb></usr/l
ocal/texlive/2016/texmf-dist/fonts/type1/public/amsfonts/cm/cmr17.pfb></usr/loc
al/texlive/2016/texmf-dist/fonts/type1/public/amsfonts/cm/cmr7.pfb></usr/local/
texlive/2016/texmf-dist/fonts/type1/public/amsfonts/cm/cmr8.pfb></usr/local/tex
live/2016/texmf-dist/fonts/type1/public/amsfonts/cm/cmsy10.pfb></usr/local/texl
ive/2016/texmf-dist/fonts/type1/public/amsfonts/cm/cmsy6.pfb></usr/local/texliv
e/2016/texmf-dist/fonts/type1/public/amsfonts/cm/cmsy8.pfb>
Output written on ppl.pdf (122 pages, 8732123 bytes).
PDF statistics:
 3039 PDF objects out of 3580 (max. 8388607)
 2795 compressed objects within 28 object streams
 1051 named destinations out of 1200 (max. 500000)
 1751 words of extra memory for PDF output out of 10000 (max. 10000000)

