\BOOKMARK [1][-]{section.1}{Aeronautical Knowledge}{}% 1
\BOOKMARK [2][-]{subsection.1.1}{Principles of Flight}{section.1}% 2
\BOOKMARK [3][-]{subsubsection.1.1.1}{Forces}{subsection.1.1}% 3
\BOOKMARK [2][-]{subsection.1.2}{Torque}{section.1}% 4
\BOOKMARK [3][-]{subsubsection.1.2.1}{Bank/Roll\(turns\), Pitch\(climbs/descents\), Yaw\("turns"\)}{subsection.1.2}% 5
\BOOKMARK [2][-]{subsection.1.3}{Aeronautics \046 Aerodynamics}{section.1}% 6
\BOOKMARK [3][-]{subsubsection.1.3.1}{Lift \046 Wing Design}{subsection.1.3}% 7
\BOOKMARK [3][-]{subsubsection.1.3.2}{Stalls \046 Spins}{subsection.1.3}% 8
\BOOKMARK [3][-]{subsubsection.1.3.3}{Drag}{subsection.1.3}% 9
\BOOKMARK [3][-]{subsubsection.1.3.4}{Ground Effect \046 Wake Turbulence}{subsection.1.3}% 10
\BOOKMARK [3][-]{subsubsection.1.3.5}{Altitude}{subsection.1.3}% 11
\BOOKMARK [2][-]{subsection.1.4}{Dynamics}{section.1}% 12
\BOOKMARK [3][-]{subsubsection.1.4.1}{Stability}{subsection.1.4}% 13
\BOOKMARK [3][-]{subsubsection.1.4.2}{Turning Tendancies}{subsection.1.4}% 14
\BOOKMARK [3][-]{subsubsection.1.4.3}{Load Factor}{subsection.1.4}% 15
\BOOKMARK [3][-]{subsubsection.1.4.4}{Velocity vs. G-Loads}{subsection.1.4}% 16
\BOOKMARK [3][-]{subsubsection.1.4.5}{V-speeds}{subsection.1.4}% 17
\BOOKMARK [3][-]{subsubsection.1.4.6}{Adverse Yaw}{subsection.1.4}% 18
\BOOKMARK [2][-]{subsection.1.5}{Weather}{section.1}% 19
\BOOKMARK [3][-]{subsubsection.1.5.1}{Atmospheric Pressure}{subsection.1.5}% 20
\BOOKMARK [3][-]{subsubsection.1.5.2}{Wind}{subsection.1.5}% 21
\BOOKMARK [3][-]{subsubsection.1.5.3}{Atmospheric Circulation}{subsection.1.5}% 22
\BOOKMARK [3][-]{subsubsection.1.5.4}{Atmospheric Stability}{subsection.1.5}% 23
\BOOKMARK [3][-]{subsubsection.1.5.5}{Clouds}{subsection.1.5}% 24
\BOOKMARK [3][-]{subsubsection.1.5.6}{Thunderstorms}{subsection.1.5}% 25
\BOOKMARK [3][-]{subsubsection.1.5.7}{Fog}{subsection.1.5}% 26
\BOOKMARK [3][-]{subsubsection.1.5.8}{Fronts}{subsection.1.5}% 27
\BOOKMARK [3][-]{subsubsection.1.5.9}{Icing}{subsection.1.5}% 28
\BOOKMARK [1][-]{section.2}{Airplane Construction, Instruments, Engines, \046 Controls}{}% 29
\BOOKMARK [2][-]{subsection.2.1}{Airplane Construction}{section.2}% 30
\BOOKMARK [3][-]{subsubsection.2.1.1}{Fuselage}{subsection.2.1}% 31
\BOOKMARK [3][-]{subsubsection.2.1.2}{Wings}{subsection.2.1}% 32
\BOOKMARK [3][-]{subsubsection.2.1.3}{Empennage}{subsection.2.1}% 33
\BOOKMARK [3][-]{subsubsection.2.1.4}{Engine/Powerplant}{subsection.2.1}% 34
\BOOKMARK [3][-]{subsubsection.2.1.5}{Landing Gear}{subsection.2.1}% 35
\BOOKMARK [2][-]{subsection.2.2}{Engine/Powerplant}{section.2}% 36
\BOOKMARK [3][-]{subsubsection.2.2.1}{Reciprocating \(Piston\) Engines}{subsection.2.2}% 37
\BOOKMARK [3][-]{subsubsection.2.2.2}{Propeller Types}{subsection.2.2}% 38
\BOOKMARK [3][-]{subsubsection.2.2.3}{Carburetor}{subsection.2.2}% 39
\BOOKMARK [3][-]{subsubsection.2.2.4}{Fuel Injection}{subsection.2.2}% 40
\BOOKMARK [3][-]{subsubsection.2.2.5}{Ignition System}{subsection.2.2}% 41
\BOOKMARK [3][-]{subsubsection.2.2.6}{Oil Systems}{subsection.2.2}% 42
\BOOKMARK [3][-]{subsubsection.2.2.7}{Engine Cooling Systems}{subsection.2.2}% 43
\BOOKMARK [2][-]{subsection.2.3}{Airframe Systems}{section.2}% 44
\BOOKMARK [3][-]{subsubsection.2.3.1}{Fuel Systems}{subsection.2.3}% 45
\BOOKMARK [3][-]{subsubsection.2.3.2}{Hydraulic Systems}{subsection.2.3}% 46
\BOOKMARK [3][-]{subsubsection.2.3.3}{Alternator/Battery}{subsection.2.3}% 47
\BOOKMARK [2][-]{subsection.2.4}{Flight Controls}{section.2}% 48
\BOOKMARK [3][-]{subsubsection.2.4.1}{Primary Flight Controls}{subsection.2.4}% 49
\BOOKMARK [3][-]{subsubsection.2.4.2}{Secondary Flight Controls}{subsection.2.4}% 50
\BOOKMARK [2][-]{subsection.2.5}{Engine Controls}{section.2}% 51
\BOOKMARK [3][-]{subsubsection.2.5.1}{Throttle \046 Mixture}{subsection.2.5}% 52
\BOOKMARK [3][-]{subsubsection.2.5.2}{Carburetor Heat}{subsection.2.5}% 53
\BOOKMARK [3][-]{subsubsection.2.5.3}{Propeller}{subsection.2.5}% 54
\BOOKMARK [3][-]{subsubsection.2.5.4}{Ignition System}{subsection.2.5}% 55
\BOOKMARK [3][-]{subsubsection.2.5.5}{Fuel System}{subsection.2.5}% 56
\BOOKMARK [2][-]{subsection.2.6}{Flight Instruments}{section.2}% 57
\BOOKMARK [3][-]{subsubsection.2.6.1}{Pitot-Static Instruments}{subsection.2.6}% 58
\BOOKMARK [3][-]{subsubsection.2.6.2}{Gyroscopic Instruments}{subsection.2.6}% 59
\BOOKMARK [3][-]{subsubsection.2.6.3}{Magnetic Compass}{subsection.2.6}% 60
\BOOKMARK [2][-]{subsection.2.7}{Systems Instruments}{section.2}% 61
\BOOKMARK [3][-]{subsubsection.2.7.1}{Engine Instruments}{subsection.2.7}% 62
\BOOKMARK [3][-]{subsubsection.2.7.2}{Electrical System Instruments}{subsection.2.7}% 63
\BOOKMARK [2][-]{subsection.2.8}{Communications Systems}{section.2}% 64
\BOOKMARK [3][-]{subsubsection.2.8.1}{Radios}{subsection.2.8}% 65
\BOOKMARK [3][-]{subsubsection.2.8.2}{Transponders}{subsection.2.8}% 66
\BOOKMARK [3][-]{subsubsection.2.8.3}{ELT}{subsection.2.8}% 67
\BOOKMARK [3][-]{subsubsection.2.8.4}{TCAS, TIS-B, ADS-B, \046 FIS-B}{subsection.2.8}% 68
\BOOKMARK [2][-]{subsection.2.9}{Navigation Systems}{section.2}% 69
\BOOKMARK [3][-]{subsubsection.2.9.1}{Course Deviation Indicator \(CDI\)}{subsection.2.9}% 70
\BOOKMARK [3][-]{subsubsection.2.9.2}{Horizontal Situation Indicator \(HSI\)}{subsection.2.9}% 71
\BOOKMARK [3][-]{subsubsection.2.9.3}{Radio Magnetic Indicator \(RMI\)}{subsection.2.9}% 72
\BOOKMARK [3][-]{subsubsection.2.9.4}{Distance Measuring Equipment \(DME\)}{subsection.2.9}% 73
\BOOKMARK [3][-]{subsubsection.2.9.5}{Automatic Direction Finder \(ADF\)}{subsection.2.9}% 74
\BOOKMARK [3][-]{subsubsection.2.9.6}{GPS}{subsection.2.9}% 75
\BOOKMARK [3][-]{subsubsection.2.9.7}{RAIM}{subsection.2.9}% 76
\BOOKMARK [3][-]{subsubsection.2.9.8}{WAAS \046 SBAS}{subsection.2.9}% 77
\BOOKMARK [1][-]{section.3}{Pre-Flight}{}% 78
\BOOKMARK [2][-]{subsection.3.1}{Private Pilot Privileges and Limitations}{section.3}% 79
\BOOKMARK [3][-]{subsubsection.3.1.1}{Eligibility Requirements}{subsection.3.1}% 80
\BOOKMARK [3][-]{subsubsection.3.1.2}{Privileges \046 Limitations}{subsection.3.1}% 81
\BOOKMARK [3][-]{subsubsection.3.1.3}{Documents}{subsection.3.1}% 82
\BOOKMARK [3][-]{subsubsection.3.1.4}{Additional Endorsements \046 Type Ratings}{subsection.3.1}% 83
\BOOKMARK [3][-]{subsubsection.3.1.5}{Currency}{subsection.3.1}% 84
\BOOKMARK [3][-]{subsubsection.3.1.6}{Logging \046 Acting as PIC}{subsection.3.1}% 85
\BOOKMARK [2][-]{subsection.3.2}{Required Documents and Equipment \(Airworthiness\)}{section.3}% 86
\BOOKMARK [3][-]{subsubsection.3.2.1}{Required Documents}{subsection.3.2}% 87
\BOOKMARK [3][-]{subsubsection.3.2.2}{Required Maintenance}{subsection.3.2}% 88
\BOOKMARK [3][-]{subsubsection.3.2.3}{Required Equipment, Day VFR}{subsection.3.2}% 89
\BOOKMARK [3][-]{subsubsection.3.2.4}{Required Equipment, Night VFR}{subsection.3.2}% 90
\BOOKMARK [2][-]{subsection.3.3}{Performance Calculations}{section.3}% 91
\BOOKMARK [3][-]{subsubsection.3.3.1}{Weight \046 Balance}{subsection.3.3}% 92
\BOOKMARK [3][-]{subsubsection.3.3.2}{Pressure \046 Density Altitude}{subsection.3.3}% 93
\BOOKMARK [3][-]{subsubsection.3.3.3}{Takeoff \046 Landing Data}{subsection.3.3}% 94
\BOOKMARK [3][-]{subsubsection.3.3.4}{Performance Tables}{subsection.3.3}% 95
\BOOKMARK [2][-]{subsection.3.4}{Weather Briefings}{section.3}% 96
\BOOKMARK [3][-]{subsubsection.3.4.1}{Weather Data}{subsection.3.4}% 97
\BOOKMARK [3][-]{subsubsection.3.4.2}{Aviation Weather Reports \046 Forecasts}{subsection.3.4}% 98
\BOOKMARK [3][-]{subsubsection.3.4.3}{NOTAMs \046 TFRs}{subsection.3.4}% 99
\BOOKMARK [2][-]{subsection.3.5}{Required Pre-Flight Actions}{section.3}% 100
\BOOKMARK [1][-]{section.4}{Airport Operations}{}% 101
\BOOKMARK [2][-]{subsection.4.1}{Airport Information}{section.4}% 102
\BOOKMARK [3][-]{subsubsection.4.1.1}{Airport Types}{subsection.4.1}% 103
\BOOKMARK [3][-]{subsubsection.4.1.2}{Airport Data}{subsection.4.1}% 104
\BOOKMARK [3][-]{subsubsection.4.1.3}{Weather Information - ATIS, AWOS}{subsection.4.1}% 105
\BOOKMARK [2][-]{subsection.4.2}{Surface Operations}{section.4}% 106
\BOOKMARK [3][-]{subsubsection.4.2.1}{Areas of an Airport}{subsection.4.2}% 107
\BOOKMARK [3][-]{subsubsection.4.2.2}{Airport Signage, Markings \046 Lighting}{subsection.4.2}% 108
\BOOKMARK [3][-]{subsubsection.4.2.3}{Communication \046 Light Gun Signals}{subsection.4.2}% 109
\BOOKMARK [3][-]{subsubsection.4.2.4}{Taxi Operations}{subsection.4.2}% 110
\BOOKMARK [3][-]{subsubsection.4.2.5}{LAHSO Operations}{subsection.4.2}% 111
\BOOKMARK [3][-]{subsubsection.4.2.6}{Runway Incursions}{subsection.4.2}% 112
\BOOKMARK [3][-]{subsubsection.4.2.7}{Line up and wait \(LUAW\)}{subsection.4.2}% 113
\BOOKMARK [2][-]{subsection.4.3}{Airport Traffic Pattern Operations}{section.4}% 114
\BOOKMARK [3][-]{subsubsection.4.3.1}{Airport Traffic Pattern}{subsection.4.3}% 115
\BOOKMARK [3][-]{subsubsection.4.3.2}{Traffic Pattern at Towered Airports}{subsection.4.3}% 116
\BOOKMARK [3][-]{subsubsection.4.3.3}{Traffic Pattern at Untowered Airports}{subsection.4.3}% 117
\BOOKMARK [3][-]{subsubsection.4.3.4}{Right of Way}{subsection.4.3}% 118
\BOOKMARK [1][-]{section.5}{Cross Country Planning, In-Flight procedures, \046 Navigation}{}% 119
\BOOKMARK [2][-]{subsection.5.1}{Aeronautical Chart Usage}{section.5}% 120
\BOOKMARK [3][-]{subsubsection.5.1.1}{Chart Supplement}{subsection.5.1}% 121
\BOOKMARK [2][-]{subsection.5.2}{Victor Airways}{section.5}% 122
\BOOKMARK [2][-]{subsection.5.3}{Radio Aids to Navigation: VOR \046 NDB}{section.5}% 123
\BOOKMARK [3][-]{subsubsection.5.3.1}{VOR: Very High Frequency \(VHF\) Omnidirectional Range}{subsection.5.3}% 124
\BOOKMARK [3][-]{subsubsection.5.3.2}{NDB: Non-directional Beacon}{subsection.5.3}% 125
\BOOKMARK [2][-]{subsection.5.4}{GPS \(Global Positioning System\) Usage}{section.5}% 126
\BOOKMARK [2][-]{subsection.5.5}{Pilotage, Dead Reckoning, \046 Route Planning}{section.5}% 127
\BOOKMARK [3][-]{subsubsection.5.5.1}{Pilotage}{subsection.5.5}% 128
\BOOKMARK [3][-]{subsubsection.5.5.2}{Dead reckoning}{subsection.5.5}% 129
\BOOKMARK [3][-]{subsubsection.5.5.3}{Magnetic Variation, Magnetic Course, Headings, Wind Correction Angles}{subsection.5.5}% 130
\BOOKMARK [3][-]{subsubsection.5.5.4}{Flight Planning}{subsection.5.5}% 131
\BOOKMARK [2][-]{subsection.5.6}{VFR Flight Plan}{section.5}% 132
\BOOKMARK [2][-]{subsection.5.7}{In-Flight Weather Information}{section.5}% 133
\BOOKMARK [2][-]{subsection.5.8}{Diversions}{section.5}% 134
\BOOKMARK [2][-]{subsection.5.9}{Lost Procedures}{section.5}% 135
\BOOKMARK [1][-]{section.6}{ATC \046 Airspaces}{}% 136
\BOOKMARK [2][-]{subsection.6.1}{Classes of Airspace}{section.6}% 137
\BOOKMARK [3][-]{subsubsection.6.1.1}{Class A}{subsection.6.1}% 138
\BOOKMARK [3][-]{subsubsection.6.1.2}{Class B}{subsection.6.1}% 139
\BOOKMARK [3][-]{subsubsection.6.1.3}{Class C}{subsection.6.1}% 140
\BOOKMARK [3][-]{subsubsection.6.1.4}{Class D}{subsection.6.1}% 141
\BOOKMARK [3][-]{subsubsection.6.1.5}{Class E}{subsection.6.1}% 142
\BOOKMARK [3][-]{subsubsection.6.1.6}{Class G}{subsection.6.1}% 143
\BOOKMARK [2][-]{subsection.6.2}{Special Use Airspace}{section.6}% 144
\BOOKMARK [2][-]{subsection.6.3}{Other Airspace Areas}{section.6}% 145
\BOOKMARK [2][-]{subsection.6.4}{ATC Services}{section.6}% 146
\BOOKMARK [3][-]{subsubsection.6.4.1}{ATC Clearances}{subsection.6.4}% 147
\BOOKMARK [3][-]{subsubsection.6.4.2}{Special VFR Clearances}{subsection.6.4}% 148
\BOOKMARK [3][-]{subsubsection.6.4.3}{Traffic Separation \046 Surveillance}{subsection.6.4}% 149
\BOOKMARK [3][-]{subsubsection.6.4.4}{Radar Traffic Information Service \(VFR Flight Following\)}{subsection.6.4}% 150
\BOOKMARK [3][-]{subsubsection.6.4.5}{Flight Service Station Communication}{subsection.6.4}% 151
\BOOKMARK [1][-]{section.7}{Aeronautical Decision Making \046 Human Factors}{}% 152
\BOOKMARK [2][-]{subsection.7.1}{Medical Factors}{section.7}% 153
\BOOKMARK [3][-]{subsubsection.7.1.1}{Hypoxia}{subsection.7.1}% 154
\BOOKMARK [3][-]{subsubsection.7.1.2}{Hyperventilation}{subsection.7.1}% 155
\BOOKMARK [3][-]{subsubsection.7.1.3}{Spatial Disorientation}{subsection.7.1}% 156
\BOOKMARK [3][-]{subsubsection.7.1.4}{Middle Ear \046 Sinus Problems}{subsection.7.1}% 157
\BOOKMARK [3][-]{subsubsection.7.1.5}{CO Poisoning}{subsection.7.1}% 158
\BOOKMARK [2][-]{subsection.7.2}{Night Operations}{section.7}% 159
\BOOKMARK [2][-]{subsection.7.3}{ADM}{section.7}% 160
\BOOKMARK [3][-]{subsubsection.7.3.1}{Hazardous Attitudes}{subsection.7.3}% 161
\BOOKMARK [3][-]{subsubsection.7.3.2}{Risk}{subsection.7.3}% 162
\BOOKMARK [3][-]{subsubsection.7.3.3}{Decision Making}{subsection.7.3}% 163
\BOOKMARK [1][-]{section.8}{Emergency Procedures}{}% 164
\BOOKMARK [2][-]{subsection.8.1}{Emergency Services \046 Communication}{section.8}% 165
\BOOKMARK [2][-]{subsection.8.2}{Emergency Descent}{section.8}% 166
\BOOKMARK [2][-]{subsection.8.3}{Emergency Approach and Landing}{section.8}% 167
\BOOKMARK [2][-]{subsection.8.4}{Systems \046 Equipment Malfunction}{section.8}% 168
\BOOKMARK [3][-]{subsubsection.8.4.1}{Electrical System}{subsection.8.4}% 169
\BOOKMARK [3][-]{subsubsection.8.4.2}{Pitot-static System}{subsection.8.4}% 170
\BOOKMARK [2][-]{subsection.8.5}{Engine Failure Scenarios}{section.8}% 171
\BOOKMARK [3][-]{subsubsection.8.5.1}{Take-Off}{subsection.8.5}% 172
\BOOKMARK [3][-]{subsubsection.8.5.2}{Fire}{subsection.8.5}% 173
\BOOKMARK [1][-]{section.9}{Takeoff \046 Landing}{}% 174
\BOOKMARK [2][-]{subsection.9.1}{Normal}{section.9}% 175
\BOOKMARK [3][-]{subsubsection.9.1.1}{Takeoff}{subsection.9.1}% 176
\BOOKMARK [3][-]{subsubsection.9.1.2}{Approach \046 Landing}{subsection.9.1}% 177
\BOOKMARK [2][-]{subsection.9.2}{Soft-Field}{section.9}% 178
\BOOKMARK [3][-]{subsubsection.9.2.1}{Takeoff}{subsection.9.2}% 179
\BOOKMARK [3][-]{subsubsection.9.2.2}{Landing}{subsection.9.2}% 180
\BOOKMARK [2][-]{subsection.9.3}{Short-Field}{section.9}% 181
\BOOKMARK [3][-]{subsubsection.9.3.1}{Takeoff}{subsection.9.3}% 182
\BOOKMARK [3][-]{subsubsection.9.3.2}{Landing}{subsection.9.3}% 183
\BOOKMARK [2][-]{subsection.9.4}{Forward Slip to a Landing}{section.9}% 184
\BOOKMARK [2][-]{subsection.9.5}{Go-Around}{section.9}% 185
\BOOKMARK [1][-]{section.10}{Manoeuvres}{}% 186
\BOOKMARK [2][-]{subsection.10.1}{Slow Flight}{section.10}% 187
\BOOKMARK [2][-]{subsection.10.2}{Stalls}{section.10}% 188
\BOOKMARK [3][-]{subsubsection.10.2.1}{Power-Off Stall}{subsection.10.2}% 189
\BOOKMARK [3][-]{subsubsection.10.2.2}{Power-On Stall \(Takeoff Stall, Clean\)}{subsection.10.2}% 190
\BOOKMARK [3][-]{subsubsection.10.2.3}{Spin Awareness}{subsection.10.2}% 191
\BOOKMARK [2][-]{subsection.10.3}{Performance Manoeuvres}{section.10}% 192
\BOOKMARK [3][-]{subsubsection.10.3.1}{Steep Turns}{subsection.10.3}% 193
\BOOKMARK [2][-]{subsection.10.4}{Ground Reference}{section.10}% 194
\BOOKMARK [3][-]{subsubsection.10.4.1}{S-Turns}{subsection.10.4}% 195
\BOOKMARK [3][-]{subsubsection.10.4.2}{Turn around a Point}{subsection.10.4}% 196
\BOOKMARK [3][-]{subsubsection.10.4.3}{Rectangular Course}{subsection.10.4}% 197
\BOOKMARK [2][-]{subsection.10.5}{Instrument Maneuvers}{section.10}% 198
\BOOKMARK [3][-]{subsubsection.10.5.1}{Straight \046 Level Flight}{subsection.10.5}% 199
\BOOKMARK [3][-]{subsubsection.10.5.2}{Climbs, Descents, \046 Turns to Assigned Headings}{subsection.10.5}% 200
\BOOKMARK [3][-]{subsubsection.10.5.3}{Unusual Attitudes}{subsection.10.5}% 201
